SF:lib/core/exceptions/domain_exception.dart
DA:5,5
DA:9,2
DA:12,0
DA:15,0
DA:16,0
DA:18,8
DA:19,16
LF:7
LH:4
end_of_record
SF:lib/features/profile/domain/use_cases/get_my_profile_use_case.dart
DA:9,0
DA:13,0
DA:14,0
LF:3
LH:0
end_of_record
SF:lib/features/profile/presentation/cubits/profile_cubit.dart
DA:9,2
DA:13,1
DA:14,1
DA:15,2
DA:16,1
DA:17,3
DA:18,3
DA:22,2
LF:8
LH:8
end_of_record
SF:lib/features/users/domain/model/user_model.dart
DA:4,2
LF:1
LH:1
end_of_record
SF:lib/features/event_registration/domain/model/event_registration_model.dart
DA:73,2
DA:96,3
DA:98,0
DA:120,0
DA:121,0
DA:122,0
DA:123,0
DA:124,0
DA:125,0
DA:126,0
DA:127,0
DA:128,0
DA:129,0
DA:130,0
DA:131,0
DA:132,0
DA:133,0
DA:134,0
DA:135,0
DA:137,0
DA:138,0
DA:139,0
DA:140,0
DA:141,0
DA:145,0
DA:148,0
DA:150,0
DA:151,0
LF:28
LH:2
end_of_record
SF:lib/features/event_registration/domain/model/vehicle_summary_model.dart
DA:2,0
DA:16,0
DA:17,0
DA:18,0
DA:19,0
DA:21,0
LF:6
LH:0
end_of_record
SF:lib/features/users/domain/use_cases/get_user_by_id_use_case.dart
DA:9,1
DA:13,1
DA:14,2
LF:3
LH:3
end_of_record
SF:lib/features/users/presentation/cubit/rider_profile_cubit.dart
DA:9,2
DA:13,1
DA:14,1
DA:15,2
DA:16,1
DA:17,3
DA:18,3
LF:7
LH:7
end_of_record
SF:lib/features/event_registration/domain/model/registration_with_event.dart
DA:5,1
LF:1
LH:1
end_of_record
SF:lib/features/event_registration/domain/use_cases/cancel_event_registration_use_case.dart
DA:9,0
DA:13,0
DA:14,0
LF:3
LH:0
end_of_record
SF:lib/features/event_registration/domain/use_cases/get_my_registrations_use_case.dart
DA:9,0
DA:13,0
DA:14,0
LF:3
LH:0
end_of_record
SF:lib/features/event_registration/presentation/my_registrations_cubit.dart
DA:14,1
DA:18,1
DA:29,2
DA:31,3
DA:33,1
DA:34,1
DA:35,2
DA:36,1
DA:37,3
DA:38,1
DA:39,1
DA:40,1
DA:41,1
DA:45,5
DA:46,1
DA:47,4
DA:49,2
DA:50,3
DA:51,2
DA:52,0
DA:53,4
DA:56,1
DA:61,1
DA:62,1
DA:63,1
DA:66,1
DA:67,1
DA:68,1
DA:71,0
DA:72,0
DA:73,0
DA:76,1
DA:77,1
DA:78,1
DA:79,2
DA:81,3
DA:84,1
DA:85,2
DA:87,6
DA:88,1
DA:90,2
DA:91,0
DA:92,0
DA:93,0
DA:94,0
DA:95,0
DA:96,0
DA:97,0
DA:98,0
DA:100,2
DA:101,0
DA:103,2
DA:107,0
DA:108,0
DA:109,0
DA:110,0
DA:111,0
DA:112,0
DA:113,0
DA:118,0
DA:120,0
DA:121,0
DA:122,0
DA:124,0
DA:126,0
LF:65
LH:39
end_of_record
SF:lib/features/events/domain/model/event_model.dart
DA:25,0
DA:26,0
DA:62,3
DA:85,0
DA:87,0
DA:89,0
DA:91,0
DA:113,0
DA:114,0
DA:115,0
DA:116,0
DA:117,0
DA:118,0
DA:119,0
DA:120,0
DA:121,0
DA:122,0
DA:123,0
DA:124,0
DA:125,0
DA:126,0
DA:127,0
DA:128,0
DA:129,0
DA:130,0
DA:131,0
DA:132,0
DA:133,0
DA:137,0
DA:139,0
DA:141,0
DA:142,0
LF:32
LH:1
end_of_record
SF:lib/features/events/domain/use_cases/get_event_by_id_use_case.dart
DA:9,0
DA:13,0
DA:14,0
LF:3
LH:0
end_of_record
SF:lib/core/config/api_remote_config.dart
DA:6,0
DA:7,0
DA:11,0
DA:12,0
DA:18,0
LF:5
LH:0
end_of_record
SF:lib/core/di/firebase_module.dart
DA:13,0
DA:14,0
DA:15,0
DA:16,0
DA:17,0
DA:18,0
DA:19,0
DA:21,0
DA:23,0
DA:24,0
DA:26,0
DA:27,0
LF:12
LH:0
end_of_record
SF:lib/core/http/app_dio.dart
DA:9,0
DA:13,0
DA:14,0
DA:15,0
DA:23,0
DA:26,0
DA:27,0
LF:7
LH:0
end_of_record
SF:lib/features/authentication/application/auth_state.dart
DA:5,2
DA:26,2
DA:29,2
DA:32,2
DA:35,2
DA:38,3
DA:41,1
DA:42,2
DA:47,1
DA:52,1
DA:59,1
DA:64,1
DA:71,2
DA:76,1
LF:14
LH:14
end_of_record
SF:lib/features/authentication/application/auth_cubit.dart
DA:20,1
DA:21,1
DA:23,1
DA:24,2
DA:26,2
DA:27,3
DA:29,1
DA:33,1
DA:38,1
DA:40,2
DA:46,1
DA:47,4
DA:48,0
DA:49,0
DA:50,0
DA:51,0
DA:52,0
DA:54,0
DA:64,1
DA:68,1
DA:70,2
DA:75,1
DA:76,4
DA:77,0
DA:79,0
DA:80,0
DA:81,0
DA:83,0
DA:93,0
DA:94,0
DA:96,0
DA:97,0
DA:98,0
DA:99,0
DA:100,0
DA:101,0
DA:102,0
DA:103,0
DA:105,0
DA:111,0
DA:112,0
DA:114,0
DA:115,0
DA:116,0
DA:117,0
DA:119,0
DA:121,0
DA:127,0
DA:131,0
DA:132,0
DA:133,0
DA:136,0
DA:138,0
DA:142,1
DA:144,2
DA:145,1
DA:146,0
DA:147,0
DA:149,0
DA:153,1
DA:154,1
DA:156,2
DA:157,1
DA:158,4
DA:159,2
LF:65
LH:26
end_of_record
SF:lib/features/event_registration/data/repository/event_registration_repository_impl.dart
DA:13,0
DA:17,0
DA:22,0
DA:23,0
DA:24,0
DA:25,0
DA:26,0
DA:29,0
DA:34,0
DA:39,0
DA:40,0
DA:41,0
DA:48,0
DA:49,0
DA:50,0
DA:52,0
DA:55,0
DA:60,0
DA:64,0
DA:65,0
DA:66,0
DA:72,0
DA:75,0
DA:76,0
DA:77,0
DA:78,0
DA:83,0
DA:86,0
DA:87,0
DA:88,0
DA:89,0
DA:94,0
DA:97,0
DA:98,0
DA:99,0
DA:100,0
DA:105,0
DA:109,0
DA:110,0
DA:111,0
DA:112,0
DA:117,0
DA:121,0
DA:122,0
DA:123,0
DA:124,0
DA:129,0
DA:132,0
DA:133,0
DA:134,0
DA:135,0
LF:51
LH:0
end_of_record
SF:lib/features/event_registration/data/service/registration_service.dart
DA:8,0
DA:12,0
DA:17,0
DA:18,0
DA:19,0
DA:21,0
DA:24,0
DA:29,0
DA:30,0
DA:31,0
DA:33,0
DA:36,0
DA:37,0
DA:40,0
DA:41,0
DA:42,0
DA:44,0
DA:47,0
DA:48,0
DA:49,0
DA:51,0
DA:54,0
DA:55,0
DA:56,0
DA:58,0
DA:61,0
DA:62,0
DA:63,0
DA:65,0
DA:68,0
DA:71,0
DA:72,0
DA:74,0
DA:75,0
DA:76,0
DA:79,0
DA:80,0
DA:81,0
DA:84,0
DA:87,0
DA:88,0
DA:89,0
DA:90,0
LF:43
LH:0
end_of_record
SF:lib/features/event_registration/domain/use_cases/add_event_registration_use_case.dart
DA:9,0
DA:13,0
DA:16,0
LF:3
LH:0
end_of_record
SF:lib/features/event_registration/domain/use_cases/approve_registration_use_case.dart
DA:9,0
DA:13,0
DA:15,0
LF:3
LH:0
end_of_record
SF:lib/features/event_registration/domain/use_cases/get_event_registrations_use_case.dart
DA:9,0
DA:13,0
DA:15,0
LF:3
LH:0
end_of_record
SF:lib/features/event_registration/domain/use_cases/get_my_registration_for_event_use_case.dart
DA:9,0
DA:13,0
DA:15,0
LF:3
LH:0
end_of_record
SF:lib/features/event_registration/domain/use_cases/reject_registration_use_case.dart
DA:9,0
DA:13,0
DA:15,0
LF:3
LH:0
end_of_record
SF:lib/features/event_registration/domain/use_cases/set_registration_ready_for_edit_use_case.dart
DA:9,0
DA:13,0
DA:15,0
LF:3
LH:0
end_of_record
SF:lib/features/event_registration/domain/use_cases/update_event_registration_use_case.dart
DA:9,0
DA:13,0
DA:16,0
LF:3
LH:0
end_of_record
SF:lib/features/event_registration/presentation/cubit/registration_form_cubit.dart
DA:17,0
DA:23,0
DA:40,0
DA:41,0
DA:42,0
DA:44,0
DA:45,0
DA:48,0
DA:53,0
DA:54,0
DA:55,0
DA:58,0
DA:59,0
DA:63,0
DA:65,0
DA:66,0
DA:69,0
DA:72,0
DA:78,0
DA:79,0
DA:80,0
DA:81,0
DA:82,0
DA:83,0
DA:84,0
DA:85,0
DA:86,0
DA:87,0
DA:88,0
DA:89,0
DA:90,0
DA:91,0
DA:92,0
DA:93,0
DA:94,0
DA:95,0
DA:96,0
DA:100,0
DA:101,0
DA:102,0
DA:103,0
DA:104,0
DA:107,0
DA:108,0
DA:114,0
DA:115,0
DA:118,0
DA:119,0
DA:122,0
DA:123,0
DA:127,0
DA:128,0
DA:129,0
DA:130,0
DA:131,0
DA:132,0
DA:133,0
DA:134,0
DA:135,0
DA:136,0
DA:137,0
DA:138,0
DA:139,0
DA:140,0
DA:141,0
DA:142,0
DA:143,0
DA:144,0
DA:145,0
DA:146,0
DA:147,0
DA:151,0
DA:152,0
DA:153,0
DA:154,0
DA:155,0
DA:156,0
DA:157,0
DA:158,0
DA:159,0
DA:160,0
DA:161,0
DA:162,0
DA:163,0
DA:164,0
DA:165,0
DA:166,0
DA:167,0
DA:168,0
DA:169,0
DA:170,0
DA:171,0
DA:172,0
DA:173,0
DA:174,0
DA:175,0
DA:176,0
DA:177,0
DA:178,0
DA:182,0
DA:183,0
DA:187,0
DA:189,0
DA:190,0
DA:191,0
DA:192,0
DA:194,0
DA:196,0
DA:199,0
DA:202,0
DA:203,0
DA:207,0
DA:208,0
DA:210,0
DA:211,0
DA:213,0
DA:214,0
DA:215,0
DA:216,0
DA:218,0
DA:220,0
DA:221,0
DA:222,0
DA:223,0
DA:224,0
DA:225,0
DA:227,0
DA:228,0
DA:230,0
DA:232,0
DA:233,0
DA:237,0
DA:238,0
DA:239,0
DA:240,0
DA:241,0
DA:242,0
DA:243,0
DA:244,0
DA:245,0
DA:246,0
DA:247,0
DA:248,0
DA:249,0
DA:250,0
DA:257,0
LF:146
LH:0
end_of_record
SF:lib/features/events/data/repository/event_cover_repository_impl.dart
DA:10,0
DA:14,0
DA:20,0
DA:21,0
DA:22,0
DA:27,0
DA:31,0
DA:32,0
DA:33,0
DA:34,0
DA:35,0
LF:11
LH:0
end_of_record
SF:lib/features/events/data/repository/event_repository_impl.dart
DA:17,0
DA:22,0
DA:29,0
DA:30,0
DA:31,0
DA:41,0
DA:43,0
DA:44,0
DA:45,0
DA:50,0
DA:52,0
DA:53,0
DA:54,0
DA:59,0
DA:61,0
DA:62,0
DA:63,0
DA:68,0
DA:70,0
DA:71,0
DA:78,0
DA:79,0
DA:80,0
DA:85,0
DA:87,0
DA:88,0
DA:89,0
DA:95,0
DA:97,0
DA:98,0
DA:99,0
DA:104,0
DA:108,0
DA:109,0
DA:111,0
DA:112,0
DA:113,0
DA:114,0
DA:115,0
DA:116,0
LF:40
LH:0
end_of_record
SF:lib/features/events/data/repository/rider_profile_repository_impl.dart
DA:13,0
DA:20,0
DA:22,0
DA:24,0
DA:31,0
DA:32,0
DA:33,0
DA:34,0
DA:35,0
DA:36,0
DA:38,0
DA:40,0
DA:45,0
DA:49,0
DA:50,0
DA:52,0
DA:55,0
DA:56,0
DA:57,0
DA:58,0
DA:59,0
DA:60,0
LF:22
LH:0
end_of_record
SF:lib/features/events/data/repository/tracking_repository_impl.dart
DA:20,0
DA:32,0
DA:34,0
DA:35,0
DA:39,0
DA:40,0
DA:41,0
DA:42,0
DA:44,0
DA:45,0
DA:46,0
DA:49,0
DA:50,0
DA:55,0
DA:60,0
DA:61,0
DA:62,0
DA:63,0
DA:64,0
DA:65,0
DA:66,0
DA:67,0
DA:68,0
DA:69,0
DA:70,0
DA:71,0
DA:73,0
DA:74,0
DA:75,0
DA:81,0
DA:85,0
DA:86,0
DA:87,0
DA:93,0
DA:98,0
DA:99,0
DA:100,0
DA:101,0
DA:107,0
DA:109,0
DA:110,0
DA:111,0
DA:117,0
DA:124,0
DA:132,0
DA:133,0
DA:135,0
DA:136,0
LF:48
LH:0
end_of_record
SF:lib/features/events/data/service/event_cover_service.g.dart
DA:14,0
DA:22,0
DA:24,0
DA:25,0
DA:26,0
DA:27,0
DA:28,0
DA:29,0
DA:30,0
DA:31,0
DA:32,0
DA:37,0
DA:39,0
DA:42,0
DA:44,0
DA:50,0
DA:51,0
DA:52,0
DA:53,0
DA:54,0
DA:55,0
DA:57,0
DA:63,0
DA:64,0
DA:68,0
DA:70,0
DA:71,0
DA:74,0
LF:28
LH:0
end_of_record
SF:lib/features/events/data/service/event_service.g.dart
DA:14,0
DA:22,0
DA:29,0
DA:30,0
DA:36,0
DA:37,0
DA:39,0
DA:40,0
DA:41,0
DA:42,0
DA:47,0
DA:49,0
DA:52,0
DA:53,0
DA:54,0
DA:56,0
DA:62,0
DA:64,0
DA:65,0
DA:66,0
DA:68,0
DA:69,0
DA:70,0
DA:71,0
DA:76,0
DA:78,0
DA:81,0
DA:82,0
DA:83,0
DA:85,0
DA:91,0
DA:93,0
DA:94,0
DA:95,0
DA:97,0
DA:98,0
DA:99,0
DA:100,0
DA:101,0
DA:105,0
DA:107,0
DA:110,0
DA:112,0
DA:118,0
DA:120,0
DA:121,0
DA:122,0
DA:123,0
DA:124,0
DA:125,0
DA:126,0
DA:127,0
DA:128,0
DA:133,0
DA:135,0
DA:138,0
DA:140,0
DA:146,0
DA:148,0
DA:149,0
DA:150,0
DA:151,0
DA:152,0
DA:153,0
DA:154,0
DA:155,0
DA:156,0
DA:157,0
DA:161,0
DA:163,0
DA:166,0
DA:168,0
DA:174,0
DA:176,0
DA:177,0
DA:178,0
DA:180,0
DA:181,0
DA:182,0
DA:183,0
DA:184,0
DA:188,0
DA:190,0
DA:193,0
DA:195,0
DA:196,0
DA:197,0
DA:199,0
DA:200,0
DA:201,0
DA:202,0
DA:203,0
DA:207,0
DA:209,0
DA:212,0
DA:214,0
DA:220,0
DA:222,0
DA:223,0
DA:224,0
DA:226,0
DA:227,0
DA:228,0
DA:229,0
DA:230,0
DA:234,0
DA:236,0
DA:239,0
DA:241,0
DA:247,0
DA:249,0
DA:250,0
DA:251,0
DA:253,0
DA:254,0
DA:255,0
DA:256,0
DA:257,0
DA:261,0
DA:263,0
DA:266,0
DA:268,0
DA:274,0
DA:275,0
DA:276,0
DA:277,0
DA:278,0
DA:279,0
DA:281,0
DA:287,0
DA:288,0
DA:292,0
DA:294,0
DA:295,0
DA:298,0
LF:135
LH:0
end_of_record
SF:lib/features/events/data/service/tracking_service.dart
DA:8,0
DA:12,0
DA:16,0
DA:17,0
DA:18,0
DA:22,0
DA:26,0
DA:27,0
DA:28,0
DA:32,0
DA:33,0
DA:34,0
DA:36,0
DA:38,0
DA:39,0
DA:40,0
DA:41,0
LF:17
LH:0
end_of_record
SF:lib/features/events/data/service/tracking_ws_client.dart
DA:16,0
DA:36,0
DA:39,0
DA:41,0
DA:45,0
DA:46,0
DA:47,0
DA:48,0
DA:49,0
DA:53,0
DA:59,0
DA:60,0
DA:62,0
DA:63,0
DA:64,0
DA:65,0
DA:66,0
DA:72,0
DA:73,0
DA:77,0
DA:78,0
DA:80,0
DA:81,0
DA:82,0
DA:83,0
DA:84,0
DA:85,0
DA:86,0
DA:87,0
DA:93,0
DA:97,0
DA:98,0
DA:99,0
DA:100,0
DA:102,0
DA:105,0
DA:106,0
DA:107,0
DA:108,0
DA:112,0
DA:116,0
DA:117,0
DA:118,0
DA:122,0
DA:123,0
DA:124,0
DA:126,0
DA:129,0
DA:130,0
DA:131,0
DA:132,0
DA:135,0
DA:136,0
DA:137,0
DA:138,0
DA:139,0
DA:140,0
DA:141,0
DA:142,0
DA:143,0
DA:144,0
DA:148,0
DA:149,0
DA:150,0
DA:154,0
DA:159,0
DA:160,0
DA:161,0
DA:162,0
DA:163,0
DA:164,0
DA:165,0
DA:168,0
DA:169,0
DA:170,0
DA:175,0
DA:176,0
DA:179,0
DA:180,0
DA:183,0
DA:184,0
DA:185,0
DA:186,0
DA:187,0
DA:190,0
DA:191,0
DA:192,0
DA:195,0
DA:196,0
DA:199,0
DA:200,0
DA:203,0
DA:204,0
DA:205,0
DA:206,0
DA:211,0
DA:212,0
DA:215,0
DA:216,0
DA:219,0
DA:220,0
DA:221,0
DA:222,0
DA:223,0
DA:226,0
DA:229,0
DA:230,0
DA:233,0
DA:234,0
DA:235,0
DA:238,0
DA:239,0
DA:242,0
DA:243,0
DA:246,0
DA:247,0
DA:250,0
DA:251,0
DA:252,0
DA:253,0
DA:256,0
DA:259,0
DA:260,0
DA:261,0
DA:263,0
DA:264,0
DA:268,0
DA:269,0
DA:272,0
DA:275,0
DA:276,0
DA:277,0
DA:278,0
DA:279,0
DA:282,0
DA:283,0
DA:284,0
DA:285,0
DA:288,0
DA:289,0
DA:293,0
DA:294,0
DA:295,0
LF:143
LH:0
end_of_record
SF:lib/features/events/domain/use_cases/create_event_use_case.dart
DA:9,0
DA:13,0
DA:14,0
LF:3
LH:0
end_of_record
SF:lib/features/events/domain/use_cases/delete_event_use_case.dart
DA:9,0
DA:13,0
DA:14,0
LF:3
LH:0
end_of_record
SF:lib/features/events/domain/use_cases/get_events_use_case.dart
DA:9,0
DA:13,0
DA:19,0
LF:3
LH:0
end_of_record
SF:lib/features/events/domain/use_cases/get_generate_cover_use_case.dart
DA:8,1
DA:12,1
DA:17,2
LF:3
LH:3
end_of_record
SF:lib/features/events/domain/use_cases/get_my_events_use_case.dart
DA:9,0
DA:13,0
DA:14,0
LF:3
LH:0
end_of_record
SF:lib/features/events/domain/use_cases/get_rider_profile_use_case.dart
DA:9,0
DA:13,0
DA:14,0
LF:3
LH:0
end_of_record
SF:lib/features/events/domain/use_cases/publish_event_use_case.dart
DA:9,0
DA:13,0
DA:14,0
LF:3
LH:0
end_of_record
SF:lib/features/events/domain/use_cases/save_rider_profile_use_case.dart
DA:9,0
DA:13,0
DA:15,0
LF:3
LH:0
end_of_record
SF:lib/features/events/domain/use_cases/start_tracking_use_case.dart
DA:10,0
DA:14,0
DA:18,0
LF:3
LH:0
end_of_record
SF:lib/features/events/domain/use_cases/stop_tracking_use_case.dart
DA:9,0
DA:13,0
DA:17,0
LF:3
LH:0
end_of_record
SF:lib/features/events/domain/use_cases/update_event_use_case.dart
DA:9,0
DA:13,0
DA:14,0
LF:3
LH:0
end_of_record
SF:lib/features/events/domain/use_cases/update_location_use_case.dart
DA:10,0
DA:14,0
DA:15,0
LF:3
LH:0
end_of_record
SF:lib/features/events/domain/use_cases/upload_event_image_use_case.dart
DA:9,0
DA:13,0
DA:15,0
LF:3
LH:0
end_of_record
SF:lib/features/events/domain/use_cases/watch_active_riders_use_case.dart
DA:7,0
DA:11,0
DA:12,0
LF:3
LH:0
end_of_record
SF:lib/features/events/presentation/delete/cubit/event_delete_cubit.dart
DA:8,0
DA:9,0
DA:13,0
DA:14,0
DA:16,0
DA:18,0
DA:19,0
DA:20,0
LF:8
LH:0
end_of_record
SF:lib/features/events/presentation/form/cubit/event_form_cubit.dart
DA:32,0
DA:38,0
DA:50,0
DA:51,0
DA:53,0
DA:54,0
DA:55,0
DA:56,0
DA:60,0
DA:61,0
DA:62,0
DA:65,0
DA:66,0
DA:67,0
DA:68,0
DA:71,0
DA:72,0
DA:75,0
DA:80,0
DA:82,0
DA:83,0
DA:88,0
DA:94,0
DA:95,0
DA:96,0
DA:97,0
DA:98,0
DA:102,0
DA:107,0
DA:108,0
DA:112,0
DA:117,0
DA:118,0
DA:119,0
DA:120,0
DA:123,0
DA:124,0
DA:125,0
DA:131,0
DA:132,0
DA:133,0
DA:139,0
DA:144,0
DA:152,0
DA:153,0
DA:158,0
DA:160,0
DA:161,0
DA:166,0
DA:167,0
DA:171,0
DA:174,0
DA:180,0
DA:181,0
DA:182,0
DA:186,0
DA:188,0
DA:189,0
DA:194,0
DA:195,0
DA:199,0
DA:202,0
DA:203,0
DA:205,0
DA:206,0
DA:209,0
DA:212,0
DA:214,0
DA:215,0
DA:216,0
DA:218,0
DA:219,0
DA:222,0
DA:223,0
DA:227,0
DA:230,0
DA:232,0
DA:234,0
DA:235,0
DA:237,0
DA:238,0
DA:239,0
DA:240,0
DA:241,0
DA:242,0
DA:243,0
DA:244,0
DA:245,0
DA:246,0
DA:250,0
DA:251,0
DA:256,0
DA:257,0
DA:258,0
DA:260,0
DA:261,0
DA:262,0
DA:272,0
DA:275,0
DA:276,0
DA:279,0
DA:281,0
DA:282,0
DA:283,0
DA:285,0
DA:286,0
DA:289,0
DA:290,0
DA:293,0
DA:296,0
DA:298,0
DA:300,0
DA:301,0
DA:303,0
DA:305,0
DA:306,0
DA:307,0
DA:308,0
DA:309,0
DA:312,0
DA:314,0
DA:315,0
DA:317,0
DA:321,0
DA:327,0
DA:331,0
DA:333,0
DA:336,0
DA:337,0
DA:342,0
DA:348,0
DA:349,0
DA:350,0
DA:351,0
DA:352,0
DA:356,0
DA:357,0
DA:358,0
DA:361,0
DA:362,0
DA:363,0
DA:365,0
LF:142
LH:0
end_of_record
SF:lib/features/events/presentation/tracking/cubit/live_tracking_cubit_factory.dart
DA:13,0
DA:31,0
DA:35,0
DA:38,0
DA:39,0
DA:40,0
DA:41,0
DA:42,0
DA:43,0
DA:44,0
LF:10
LH:0
end_of_record
SF:lib/features/events/presentation/tracking/live_tracking_session_holder.dart
DA:12,0
DA:13,0
DA:15,0
DA:27,0
DA:31,0
DA:32,0
DA:35,0
DA:36,0
DA:37,0
DA:38,0
DA:40,0
DA:41,0
DA:42,0
DA:43,0
DA:45,0
DA:51,0
DA:52,0
DA:53,0
DA:57,0
DA:58,0
DA:59,0
DA:60,0
DA:61,0
LF:23
LH:0
end_of_record
SF:lib/features/home/data/repository/home_repository_impl.dart
DA:12,0
DA:16,0
DA:18,0
DA:19,0
DA:20,0
DA:21,0
LF:6
LH:0
end_of_record
SF:lib/features/home/data/service/home_service.g.dart
DA:14,0
DA:22,0
DA:24,0
DA:25,0
DA:26,0
DA:28,0
DA:29,0
DA:30,0
DA:31,0
DA:36,0
DA:38,0
DA:41,0
DA:43,0
DA:49,0
DA:50,0
DA:51,0
DA:52,0
DA:53,0
DA:54,0
DA:56,0
DA:62,0
DA:63,0
DA:67,0
DA:69,0
DA:70,0
DA:73,0
LF:26
LH:0
end_of_record
SF:lib/features/home/domain/use_cases/get_home_data_use_case.dart
DA:9,0
DA:13,0
DA:14,0
LF:3
LH:0
end_of_record
SF:lib/features/home/presentation/cubit/home_state.dart
DA:4,1
DA:8,1
DA:12,1
DA:16,0
DA:23,0
LF:5
LH:3
end_of_record
SF:lib/features/home/presentation/cubit/home_cubit.dart
DA:11,0
DA:15,0
DA:16,0
DA:18,0
DA:20,0
DA:21,0
DA:22,0
DA:23,0
DA:24,0
DA:25,0
DA:31,0
DA:32,0
DA:33,0
DA:34,0
DA:35,0
DA:36,0
DA:37,0
DA:38,0
DA:42,0
DA:43,0
DA:44,0
DA:45,0
DA:46,0
DA:47,0
DA:48,0
DA:49,0
LF:26
LH:0
end_of_record
SF:lib/features/maintenance/data/repository/maintenance_repository_impl.dart
DA:17,0
DA:22,0
DA:29,0
DA:30,0
DA:33,0
DA:34,0
DA:35,0
DA:36,0
DA:44,0
DA:45,0
DA:46,0
DA:47,0
DA:48,0
DA:49,0
DA:50,0
DA:51,0
DA:52,0
DA:54,0
DA:55,0
DA:56,0
DA:57,0
DA:59,0
DA:60,0
DA:68,0
DA:76,0
DA:77,0
DA:78,0
DA:83,0
DA:85,0
DA:87,0
DA:88,0
DA:89,0
DA:95,0
DA:100,0
DA:101,0
DA:102,0
DA:103,0
DA:104,0
DA:108,0
DA:109,0
DA:110,0
DA:111,0
DA:112,0
DA:113,0
DA:114,0
DA:115,0
DA:116,0
DA:119,0
DA:124,0
DA:133,0
DA:134,0
DA:135,0
DA:136,0
DA:137,0
DA:142,0
DA:146,0
DA:147,0
DA:148,0
DA:149,0
DA:150,0
DA:151,0
DA:152,0
DA:153,0
DA:154,0
DA:155,0
DA:156,0
DA:157,0
DA:158,0
DA:159,0
DA:163,0
DA:167,0
DA:168,0
DA:177,0
DA:178,0
DA:179,0
DA:182,0
DA:184,0
DA:189,0
DA:193,0
DA:194,0
DA:204,0
DA:205,0
DA:206,0
LF:83
LH:0
end_of_record
SF:lib/features/maintenance/data/service/maintenance_service.g.dart
DA:14,0
DA:22,0
DA:27,0
DA:28,0
DA:29,0
DA:30,0
DA:31,0
DA:33,0
DA:34,0
DA:35,0
DA:36,0
DA:37,0
DA:41,0
DA:43,0
DA:46,0
DA:48,0
DA:54,0
DA:59,0
DA:60,0
DA:61,0
DA:62,0
DA:63,0
DA:64,0
DA:65,0
DA:66,0
DA:67,0
DA:68,0
DA:72,0
DA:74,0
DA:77,0
DA:79,0
DA:85,0
DA:91,0
DA:92,0
DA:93,0
DA:94,0
DA:95,0
DA:96,0
DA:97,0
DA:98,0
DA:99,0
DA:100,0
DA:104,0
DA:106,0
DA:109,0
DA:111,0
DA:117,0
DA:119,0
DA:120,0
DA:121,0
DA:123,0
DA:124,0
DA:125,0
DA:126,0
DA:127,0
DA:131,0
DA:133,0
DA:136,0
DA:137,0
DA:138,0
DA:139,0
DA:140,0
DA:141,0
DA:143,0
DA:149,0
DA:150,0
DA:154,0
DA:156,0
DA:157,0
DA:160,0
LF:70
LH:0
end_of_record
SF:lib/features/maintenance/domain/use_cases/add_maintenance_use_case.dart
DA:10,0
DA:17,0
DA:21,0
LF:3
LH:0
end_of_record
SF:lib/features/maintenance/domain/use_cases/delete_maintenance_use_case.dart
DA:11,0
DA:15,0
DA:18,0
LF:3
LH:0
end_of_record
SF:lib/features/maintenance/domain/use_cases/get_maintenance_list_use_case.dart
DA:11,0
DA:15,0
DA:20,0
LF:3
LH:0
end_of_record
SF:lib/features/maintenance/domain/use_cases/get_maintenances_by_vehicle_id_use_case.dart
DA:10,0
DA:14,0
DA:17,0
LF:3
LH:0
end_of_record
SF:lib/features/maintenance/domain/use_cases/update_maintenance_use_case.dart
DA:10,0
DA:14,0
DA:17,0
LF:3
LH:0
end_of_record
SF:lib/features/maintenance/presentation/delete/cubit/maintenance_delete_cubit.dart
DA:12,0
DA:13,0
DA:17,0
DA:18,0
DA:20,0
DA:24,0
DA:26,0
DA:28,0
DA:29,0
DA:30,0
DA:34,0
DA:35,0
LF:12
LH:0
end_of_record
SF:lib/features/maintenance/presentation/form/cubit/maintenance_form_cubit.dart
DA:18,0
DA:21,0
DA:40,0
DA:41,0
DA:42,0
DA:43,0
DA:45,0
DA:49,0
DA:50,0
DA:51,0
DA:52,0
DA:53,0
DA:54,0
DA:55,0
DA:56,0
DA:59,0
DA:60,0
DA:63,0
DA:64,0
DA:67,0
DA:68,0
DA:71,0
DA:72,0
DA:73,0
DA:76,0
DA:77,0
DA:80,0
DA:82,0
DA:83,0
DA:84,0
DA:85,0
DA:86,0
DA:87,0
DA:88,0
DA:92,0
DA:96,0
DA:97,0
DA:98,0
DA:99,0
DA:100,0
DA:106,0
DA:107,0
DA:108,0
DA:111,0
DA:112,0
DA:115,0
DA:116,0
DA:117,0
DA:118,0
DA:120,0
DA:121,0
DA:122,0
DA:123,0
DA:124,0
DA:126,0
DA:127,0
DA:128,0
DA:129,0
DA:131,0
DA:132,0
DA:133,0
DA:135,0
DA:136,0
DA:137,0
DA:138,0
DA:140,0
DA:141,0
DA:142,0
DA:150,0
DA:151,0
DA:152,0
DA:153,0
DA:156,0
DA:157,0
DA:160,0
DA:161,0
LF:76
LH:0
end_of_record
SF:lib/features/notifications/data/repository/notifications_repository_impl.dart
DA:10,0
DA:14,0
DA:19,0
DA:20,0
DA:21,0
DA:25,0
DA:26,0
DA:27,0
DA:33,0
DA:37,0
DA:38,0
DA:42,0
DA:44,0
DA:47,0
DA:51,0
DA:52,0
LF:16
LH:0
end_of_record
SF:lib/features/notifications/data/service/notifications_service.g.dart
DA:14,0
DA:22,0
DA:27,0
DA:28,0
DA:32,0
DA:33,0
DA:35,0
DA:36,0
DA:37,0
DA:38,0
DA:43,0
DA:45,0
DA:48,0
DA:50,0
DA:56,0
DA:58,0
DA:59,0
DA:60,0
DA:62,0
DA:63,0
DA:64,0
DA:65,0
DA:66,0
DA:70,0
DA:72,0
DA:75,0
DA:77,0
DA:78,0
DA:79,0
DA:81,0
DA:82,0
DA:83,0
DA:84,0
DA:89,0
DA:91,0
DA:94,0
DA:96,0
DA:97,0
DA:98,0
DA:99,0
DA:100,0
DA:101,0
DA:102,0
DA:103,0
DA:104,0
DA:109,0
DA:111,0
DA:114,0
DA:115,0
DA:116,0
DA:117,0
DA:118,0
DA:119,0
DA:121,0
DA:127,0
DA:128,0
DA:132,0
DA:134,0
DA:135,0
DA:138,0
LF:60
LH:0
end_of_record
SF:lib/features/notifications/domain/repository/notifications_repository.dart
DA:6,1
LF:1
LH:1
end_of_record
SF:lib/features/notifications/domain/usecases/get_notifications_usecase.dart
DA:8,0
DA:12,0
DA:16,0
LF:3
LH:0
end_of_record
SF:lib/features/notifications/domain/usecases/mark_all_notifications_read_usecase.dart
DA:8,0
DA:12,0
DA:13,0
LF:3
LH:0
end_of_record
SF:lib/features/notifications/domain/usecases/mark_notification_read_usecase.dart
DA:8,0
DA:12,0
DA:13,0
LF:3
LH:0
end_of_record
SF:lib/features/notifications/domain/usecases/register_fcm_token_usecase.dart
DA:8,0
DA:12,0
DA:13,0
LF:3
LH:0
end_of_record
SF:lib/features/notifications/presentation/cubit/notifications_cubit.dart
DA:12,1
DA:16,1
DA:22,1
DA:23,4
DA:27,2
DA:28,1
DA:29,5
DA:30,1
DA:32,1
DA:33,1
DA:34,4
DA:35,1
DA:36,4
DA:42,4
DA:43,1
DA:44,1
DA:52,1
DA:53,4
DA:54,3
DA:55,1
DA:56,0
DA:59,4
DA:60,4
DA:61,1
DA:62,0
DA:63,1
DA:64,2
DA:65,4
DA:66,4
DA:67,1
DA:68,1
DA:76,1
DA:77,3
DA:78,1
DA:79,0
DA:81,1
DA:85,4
DA:86,1
DA:88,1
DA:89,4
DA:90,4
DA:91,1
DA:95,2
DA:98,1
DA:99,3
DA:100,1
DA:101,0
DA:103,1
DA:106,3
DA:107,1
DA:108,4
DA:109,1
DA:113,2
LF:53
LH:49
end_of_record
SF:lib/features/soat/data/repository/soat_repository_impl.dart
DA:13,0
DA:17,0
DA:22,0
DA:23,0
DA:24,0
DA:25,0
DA:38,0
DA:43,0
DA:44,0
DA:45,0
DA:47,0
DA:49,0
LF:12
LH:0
end_of_record
SF:lib/features/soat/data/service/soat_service.g.dart
DA:14,0
DA:22,0
DA:24,0
DA:25,0
DA:26,0
DA:28,0
DA:29,0
DA:30,0
DA:31,0
DA:32,0
DA:36,0
DA:38,0
DA:41,0
DA:43,0
DA:49,0
DA:54,0
DA:55,0
DA:56,0
DA:57,0
DA:58,0
DA:59,0
DA:60,0
DA:61,0
DA:62,0
DA:63,0
DA:67,0
DA:69,0
DA:72,0
DA:74,0
DA:80,0
DA:81,0
DA:82,0
DA:83,0
DA:84,0
DA:85,0
DA:87,0
DA:93,0
DA:94,0
DA:98,0
DA:100,0
DA:101,0
DA:104,0
LF:42
LH:0
end_of_record
SF:lib/features/soat/domain/usecases/get_soat_usecase.dart
DA:9,0
DA:13,0
DA:14,0
LF:3
LH:0
end_of_record
SF:lib/features/soat/domain/usecases/save_soat_usecase.dart
DA:9,0
DA:13,0
DA:17,0
LF:3
LH:0
end_of_record
SF:lib/features/soat/presentation/cubit/soat_cubit.dart
DA:10,1
DA:13,1
DA:18,1
DA:19,1
DA:20,2
DA:21,1
DA:22,3
DA:23,1
DA:25,1
DA:27,2
DA:33,1
DA:37,1
DA:38,2
DA:39,1
DA:40,1
DA:41,2
DA:44,1
DA:45,2
LF:18
LH:18
end_of_record
SF:lib/features/splash/domain/use_cases/load_current_user_use_case.dart
DA:9,0
DA:13,0
DA:14,0
LF:3
LH:0
end_of_record
SF:lib/features/splash/presentation/cubit/splash_cubit.dart
DA:12,0
DA:13,0
DA:17,0
DA:18,0
DA:21,0
DA:22,0
DA:24,0
DA:25,0
DA:26,0
DA:27,0
DA:34,0
LF:11
LH:0
end_of_record
SF:lib/features/users/data/repository/user_repository_impl.dart
DA:12,0
DA:16,0
DA:21,0
DA:22,0
DA:23,0
DA:24,0
DA:30,0
DA:32,0
DA:35,0
DA:37,0
DA:38,0
LF:11
LH:0
end_of_record
SF:lib/features/users/data/service/user_service.g.dart
DA:14,0
DA:22,0
DA:24,0
DA:25,0
DA:26,0
DA:27,0
DA:28,0
DA:29,0
DA:30,0
DA:31,0
DA:32,0
DA:37,0
DA:39,0
DA:42,0
DA:44,0
DA:50,0
DA:52,0
DA:53,0
DA:54,0
DA:56,0
DA:57,0
DA:58,0
DA:59,0
DA:64,0
DA:66,0
DA:69,0
DA:71,0
DA:77,0
DA:79,0
DA:80,0
DA:81,0
DA:83,0
DA:84,0
DA:85,0
DA:86,0
DA:87,0
DA:91,0
DA:93,0
DA:96,0
DA:98,0
DA:104,0
DA:105,0
DA:106,0
DA:107,0
DA:108,0
DA:109,0
DA:111,0
DA:117,0
DA:118,0
DA:122,0
DA:124,0
DA:125,0
DA:128,0
LF:53
LH:0
end_of_record
SF:lib/features/users/domain/use_cases/get_current_user_id_use_case.dart
DA:8,0
DA:12,0
DA:13,0
LF:3
LH:0
end_of_record
SF:lib/features/vehicles/data/repository/vehicle_repository_impl.dart
DA:16,0
DA:21,0
DA:23,0
DA:24,0
DA:25,0
DA:26,0
DA:31,0
DA:35,0
DA:36,0
DA:37,0
DA:42,0
DA:46,0
DA:47,0
DA:48,0
DA:53,0
DA:57,0
DA:63,0
DA:65,0
DA:66,0
DA:67,0
DA:68,0
DA:69,0
DA:75,0
DA:77,0
DA:78,0
DA:79,0
DA:84,0
DA:89,0
DA:90,0
DA:91,0
DA:92,0
DA:93,0
DA:94,0
DA:99,0
DA:104,0
DA:105,0
DA:106,0
DA:107,0
DA:108,0
DA:109,0
DA:110,0
DA:111,0
DA:113,0
DA:118,0
DA:120,0
DA:121,0
DA:122,0
DA:123,0
DA:128,0
DA:129,0
DA:130,0
DA:131,0
DA:132,0
DA:133,0
DA:134,0
DA:135,0
DA:136,0
DA:137,0
DA:138,0
DA:139,0
DA:140,0
DA:141,0
DA:142,0
DA:143,0
DA:144,0
LF:65
LH:0
end_of_record
SF:lib/features/vehicles/data/service/vehicle_service.g.dart
DA:14,0
DA:22,0
DA:24,0
DA:25,0
DA:26,0
DA:28,0
DA:29,0
DA:30,0
DA:31,0
DA:36,0
DA:38,0
DA:41,0
DA:42,0
DA:43,0
DA:45,0
DA:51,0
DA:53,0
DA:54,0
DA:55,0
DA:57,0
DA:58,0
DA:59,0
DA:60,0
DA:61,0
DA:65,0
DA:67,0
DA:70,0
DA:72,0
DA:78,0
DA:80,0
DA:81,0
DA:82,0
DA:83,0
DA:84,0
DA:85,0
DA:86,0
DA:87,0
DA:88,0
DA:93,0
DA:95,0
DA:98,0
DA:100,0
DA:106,0
DA:111,0
DA:112,0
DA:113,0
DA:114,0
DA:115,0
DA:116,0
DA:117,0
DA:118,0
DA:119,0
DA:120,0
DA:124,0
DA:126,0
DA:129,0
DA:131,0
DA:137,0
DA:139,0
DA:140,0
DA:141,0
DA:143,0
DA:144,0
DA:145,0
DA:146,0
DA:147,0
DA:151,0
DA:153,0
DA:156,0
DA:161,0
DA:162,0
DA:163,0
DA:164,0
DA:165,0
DA:166,0
DA:167,0
DA:168,0
DA:169,0
DA:170,0
DA:174,0
DA:176,0
DA:179,0
DA:181,0
DA:187,0
DA:189,0
DA:190,0
DA:191,0
DA:193,0
DA:194,0
DA:195,0
DA:196,0
DA:197,0
DA:201,0
DA:203,0
DA:206,0
DA:208,0
DA:214,0
DA:215,0
DA:216,0
DA:217,0
DA:218,0
DA:219,0
DA:221,0
DA:227,0
DA:228,0
DA:232,0
DA:234,0
DA:235,0
DA:238,0
LF:109
LH:0
end_of_record
SF:lib/features/vehicles/domain/usecases/add_vehicle_usecase.dart
DA:11,0
DA:13,0
DA:14,0
LF:3
LH:0
end_of_record
SF:lib/features/vehicles/domain/usecases/archive_vehicle_usecase.dart
DA:11,0
DA:13,0
DA:16,0
DA:18,0
DA:20,0
LF:5
LH:0
end_of_record
SF:lib/features/vehicles/domain/usecases/delete_vehicle_usecase.dart
DA:8,0
DA:13,0
DA:14,0
LF:3
LH:0
end_of_record
SF:lib/features/vehicles/domain/usecases/get_vehicles_usecase.dart
DA:11,0
DA:13,0
DA:14,0
LF:3
LH:0
end_of_record
SF:lib/features/vehicles/domain/usecases/set_main_vehicle_usecase.dart
DA:9,0
DA:13,0
DA:14,0
LF:3
LH:0
end_of_record
SF:lib/features/vehicles/domain/usecases/unarchive_vehicle_usecase.dart
DA:11,0
DA:13,0
DA:16,0
DA:18,0
DA:20,0
LF:5
LH:0
end_of_record
SF:lib/features/vehicles/domain/usecases/update_vehicle_usecase.dart
DA:11,0
DA:13,0
DA:14,0
LF:3
LH:0
end_of_record
SF:lib/features/vehicles/presentation/cubit/vehicle_cubit.dart
DA:14,1
DA:18,1
DA:27,0
DA:28,0
DA:30,1
DA:31,2
DA:32,1
DA:34,2
DA:35,2
DA:38,0
DA:41,0
DA:43,1
DA:44,1
DA:45,2
DA:46,5
DA:47,2
DA:48,3
DA:49,1
DA:53,1
DA:54,1
DA:56,1
DA:57,1
DA:60,0
DA:61,0
DA:63,0
DA:64,0
DA:65,0
DA:66,0
DA:69,0
DA:70,0
DA:71,0
DA:74,1
DA:75,5
DA:77,2
DA:78,2
DA:79,2
DA:80,6
DA:81,1
DA:82,2
DA:83,1
DA:87,1
DA:88,4
DA:89,3
DA:90,2
DA:92,1
DA:95,0
DA:96,0
DA:97,0
DA:98,0
DA:99,0
DA:102,0
DA:103,0
DA:106,0
DA:107,0
DA:108,0
DA:109,0
DA:113,1
DA:115,3
DA:117,7
DA:119,2
DA:120,1
DA:121,1
DA:126,0
DA:128,0
DA:131,1
DA:132,2
DA:133,1
DA:134,1
DA:137,1
DA:138,2
DA:139,1
DA:144,1
DA:145,1
DA:146,1
DA:147,1
DA:150,1
DA:151,2
DA:152,1
DA:155,4
LF:79
LH:53
end_of_record
SF:lib/features/vehicles/presentation/cubit/vehicle_form_cubit.dart
DA:25,0
DA:29,0
DA:33,0
DA:35,0
DA:39,0
DA:40,0
DA:42,0
DA:46,0
DA:47,0
DA:50,0
DA:51,0
DA:53,0
DA:57,0
DA:58,0
DA:61,0
DA:65,0
DA:67,0
DA:68,0
DA:72,0
DA:77,0
DA:78,0
DA:79,0
DA:80,0
DA:85,0
DA:89,0
DA:94,0
DA:97,0
DA:101,0
DA:106,0
DA:109,0
DA:115,0
DA:119,0
DA:120,0
DA:121,0
DA:122,0
DA:126,0
DA:128,0
DA:129,0
DA:131,0
DA:135,0
DA:136,0
DA:137,0
DA:141,0
DA:143,0
DA:144,0
DA:145,0
DA:146,0
DA:147,0
DA:148,0
DA:150,0
DA:151,0
DA:155,0
DA:158,0
DA:159,0
DA:161,0
DA:162,0
DA:163,0
DA:164,0
DA:165,0
DA:167,0
DA:168,0
DA:170,0
DA:172,0
DA:174,0
DA:175,0
DA:177,0
DA:178,0
DA:180,0
DA:188,0
DA:189,0
DA:190,0
LF:71
LH:0
end_of_record
SF:lib/features/vehicles/presentation/cubit/vehicle_form_state.dart
DA:5,0
DA:15,0
DA:16,0
LF:3
LH:0
end_of_record
SF:lib/features/vehicles/presentation/delete/cubit/vehicle_delete_cubit.dart
DA:13,0
DA:14,0
DA:19,0
DA:23,0
DA:25,0
DA:27,0
DA:28,0
DA:29,0
DA:30,0
DA:31,0
DA:36,0
DA:37,0
LF:12
LH:0
end_of_record
SF:lib/features/vehicles/presentation/garage/cubit/vehicle_maintenances_cubit.dart
DA:10,0
DA:11,0
DA:16,0
DA:17,0
DA:19,0
DA:20,0
DA:21,0
DA:22,0
DA:23,0
DA:24,0
DA:25,0
DA:27,0
DA:32,0
DA:33,0
DA:35,0
DA:36,0
DA:37,0
DA:39,0
DA:40,0
DA:41,0
DA:43,0
DA:44,0
DA:47,0
DA:51,0
DA:52,0
DA:53,0
DA:55,0
DA:56,0
DA:57,0
DA:58,0
DA:59,0
DA:60,0
DA:61,0
DA:63,0
DA:64,0
DA:66,0
DA:73,0
DA:77,0
DA:78,0
DA:79,0
DA:80,0
DA:81,0
DA:82,0
DA:83,0
DA:85,0
DA:88,0
DA:89,0
DA:90,0
DA:91,0
DA:92,0
DA:94,0
DA:99,0
DA:100,0
DA:101,0
DA:103,0
DA:104,0
DA:107,0
DA:108,0
DA:109,0
DA:110,0
DA:113,0
DA:118,0
DA:119,0
DA:120,0
DA:122,0
DA:123,0
DA:125,0
DA:126,0
DA:128,0
LF:69
LH:0
end_of_record
SF:lib/features/vehicles/presentation/soat/cubit/soat_form_cubit.dart
DA:29,0
DA:30,0
DA:40,0
DA:41,0
DA:43,0
DA:44,0
DA:45,0
DA:46,0
DA:48,0
DA:49,0
DA:50,0
DA:51,0
DA:52,0
DA:53,0
DA:57,0
DA:58,0
DA:59,0
DA:60,0
DA:61,0
DA:62,0
DA:63,0
DA:64,0
DA:65,0
DA:70,0
DA:71,0
DA:72,0
DA:74,0
DA:76,0
DA:77,0
DA:83,0
DA:88,0
DA:90,0
DA:93,0
DA:94,0
DA:96,0
DA:101,0
DA:102,0
DA:104,0
DA:105,0
DA:106,0
DA:107,0
DA:108,0
DA:111,0
DA:116,0
DA:117,0
DA:118,0
LF:46
LH:0
end_of_record
SF:lib/features/vehicles/presentation/soat/cubit/soat_upload_cubit.dart
DA:7,1
DA:11,1
DA:15,1
DA:19,0
DA:24,0
DA:30,0
DA:34,0
DA:35,0
DA:36,0
DA:38,0
DA:40,0
DA:44,0
DA:45,0
DA:46,0
DA:48,0
DA:50,0
LF:16
LH:3
end_of_record
SF:lib/core/services/auth_service.dart
DA:24,0
DA:30,0
DA:32,0
DA:34,0
DA:39,0
DA:40,0
DA:41,0
DA:42,0
DA:43,0
DA:50,0
DA:51,0
DA:53,0
DA:54,0
DA:56,0
DA:57,0
DA:65,0
DA:69,0
DA:70,0
DA:71,0
DA:75,0
DA:77,0
DA:85,0
DA:86,0
DA:87,0
DA:88,0
DA:90,0
DA:96,0
DA:97,0
DA:98,0
DA:99,0
DA:102,0
DA:105,0
DA:110,0
DA:113,0
DA:114,0
DA:120,0
DA:121,0
DA:124,0
DA:126,0
DA:129,0
DA:138,0
DA:146,0
DA:147,0
DA:148,0
DA:149,0
DA:150,0
DA:156,0
DA:157,0
DA:159,0
DA:162,0
DA:167,0
DA:177,0
DA:180,0
DA:181,0
DA:182,0
DA:183,0
DA:185,0
DA:189,0
DA:194,0
DA:197,0
DA:198,0
DA:199,0
DA:205,0
DA:206,0
DA:207,0
DA:208,0
DA:214,0
DA:217,0
DA:218,0
DA:219,0
DA:225,0
DA:229,0
DA:234,0
DA:237,0
DA:238,0
DA:239,0
DA:242,0
DA:243,0
DA:245,0
DA:249,0
DA:250,0
DA:252,0
DA:257,0
DA:258,0
DA:259,0
DA:263,0
DA:264,0
DA:265,0
LF:88
LH:0
end_of_record
SF:lib/core/services/fcm_service.dart
DA:19,0
DA:26,0
DA:28,0
DA:29,0
DA:36,0
DA:39,0
DA:42,0
DA:43,0
DA:45,0
DA:58,0
DA:61,0
DA:68,0
DA:71,0
DA:73,0
DA:77,0
DA:80,0
DA:81,0
DA:82,0
DA:85,0
DA:86,0
DA:87,0
DA:90,0
DA:91,0
DA:92,0
DA:93,0
DA:94,0
DA:95,0
DA:96,0
DA:97,0
DA:98,0
DA:109,0
DA:115,0
LF:32
LH:0
end_of_record
SF:lib/core/services/image_storage_service.dart
DA:11,0
DA:16,0
DA:17,0
DA:25,0
DA:26,0
DA:34,0
DA:38,0
DA:39,0
DA:40,0
DA:41,0
DA:44,0
DA:46,0
DA:47,0
DA:48,0
DA:49,0
DA:54,0
DA:55,0
DA:56,0
DA:57,0
DA:59,0
DA:60,0
DA:61,0
DA:62,0
DA:63,0
DA:64,0
DA:66,0
DA:69,0
DA:71,0
DA:72,0
LF:29
LH:0
end_of_record
SF:lib/core/services/location_service.dart
DA:10,0
DA:12,0
DA:13,0
DA:14,0
DA:15,0
DA:16,0
DA:17,0
DA:26,0
DA:28,0
DA:29,0
DA:30,0
DA:31,0
DA:40,0
DA:41,0
DA:44,0
DA:47,0
DA:48,0
DA:49,0
DA:51,0
DA:55,0
DA:56,0
DA:59,0
DA:63,0
DA:64,0
DA:65,0
DA:67,0
LF:26
LH:0
end_of_record
SF:lib/core/services/place_service.g.dart
DA:14,0
DA:22,0
DA:24,0
DA:25,0
DA:26,0
DA:28,0
DA:29,0
DA:30,0
DA:31,0
DA:36,0
DA:38,0
DA:41,0
DA:43,0
DA:49,0
DA:51,0
DA:52,0
DA:53,0
DA:55,0
DA:56,0
DA:57,0
DA:58,0
DA:63,0
DA:65,0
DA:68,0
DA:70,0
DA:76,0
DA:77,0
DA:78,0
DA:79,0
DA:80,0
DA:81,0
DA:83,0
DA:89,0
DA:90,0
DA:94,0
DA:96,0
DA:97,0
DA:100,0
LF:38
LH:0
end_of_record
SF:lib/core/services/user_storage_service.dart
DA:10,0
DA:16,0
DA:20,0
DA:21,0
DA:22,0
DA:26,0
DA:27,0
DA:28,0
DA:32,0
DA:33,0
DA:37,0
DA:40,0
LF:12
LH:0
end_of_record
SF:lib/core/di/injection.dart
DA:6,9
DA:8,0
DA:13,0
LF:3
LH:1
end_of_record
SF:lib/core/domain/nothing.dart
DA:2,1
LF:1
LH:1
end_of_record
SF:lib/core/exceptions/auth_exception.dart
DA:5,0
DA:7,0
DA:8,0
LF:3
LH:0
end_of_record
SF:lib/core/extensions/date_extensions.dart
DA:8,0
DA:11,0
DA:14,0
DA:17,0
DA:21,0
DA:22,0
DA:23,0
DA:24,0
LF:8
LH:0
end_of_record
SF:lib/core/extensions/l10n_extensions.dart
DA:5,5
DA:6,5
DA:8,5
DA:15,0
LF:4
LH:3
end_of_record
SF:lib/l10n/app_localizations.dart
DA:64,5
DA:65,10
DA:69,5
DA:70,5
DA:7759,1
DA:7761,5
DA:7763,10
DA:7766,5
DA:7768,15
DA:7770,0
DA:7774,5
DA:7776,5
DA:7777,5
DA:7778,5
DA:7781,0
LF:15
LH:13
end_of_record
SF:lib/design_system/foundation/extensions/theme_extensions.dart
DA:8,0
DA:11,15
DA:14,12
DA:17,4
DA:18,8
DA:21,0
DA:22,0
DA:23,0
DA:24,0
DA:27,0
DA:28,0
DA:29,0
DA:32,0
DA:33,0
DA:34,0
DA:37,0
DA:38,0
DA:39,0
DA:42,3
DA:43,0
DA:44,0
DA:47,0
DA:48,3
DA:49,0
DA:52,12
DA:53,0
DA:54,0
LF:27
LH:7
end_of_record
SF:lib/core/http/api_base_url_resolver.dart
DA:7,0
DA:11,0
DA:12,0
DA:13,0
DA:14,0
DA:19,0
DA:20,0
DA:23,0
DA:29,0
DA:30,0
DA:39,0
DA:40,0
DA:45,0
DA:46,0
DA:47,0
LF:15
LH:0
end_of_record
SF:lib/core/http/api_date_time.dart
DA:13,0
DA:14,0
DA:18,1
DA:20,0
DA:22,0
DA:23,0
DA:26,0
DA:27,0
LF:8
LH:1
end_of_record
SF:lib/core/http/api_routes.dart
DA:18,0
DA:19,0
DA:20,0
DA:21,0
DA:22,0
DA:24,0
DA:25,0
DA:26,0
DA:27,0
DA:28,0
DA:29,0
DA:31,0
DA:32,0
DA:33,0
DA:34,0
DA:35,0
DA:36,0
DA:37,0
DA:38,0
DA:39,0
DA:40,0
DA:41,0
DA:42,0
DA:43,0
DA:44,0
DA:50,0
DA:51,0
DA:52,0
LF:28
LH:0
end_of_record
SF:lib/core/http/firebase_auth_interceptor.dart
DA:8,0
DA:12,0
DA:17,0
DA:18,0
DA:19,0
DA:22,0
DA:26,0
DA:29,0
DA:34,0
DA:37,0
DA:38,0
DA:39,0
DA:40,0
DA:43,0
DA:46,0
DA:47,0
DA:48,0
DA:49,0
DA:50,0
DA:51,0
DA:52,0
DA:56,0
DA:57,0
DA:62,0
LF:24
LH:0
end_of_record
SF:lib/core/http/rest_client_functions.dart
DA:15,0
DA:19,0
DA:20,0
DA:21,0
DA:23,0
DA:24,0
DA:25,0
DA:28,0
DA:29,0
DA:30,0
DA:33,0
DA:35,0
DA:36,0
DA:37,0
DA:40,0
DA:41,0
DA:42,0
DA:45,0
DA:47,0
DA:48,0
DA:49,0
DA:52,0
DA:53,0
DA:54,0
DA:57,0
DA:58,0
DA:61,0
DA:62,0
DA:64,0
DA:66,0
DA:72,0
DA:73,0
DA:74,0
DA:78,0
DA:79,0
DA:80,0
DA:81,0
DA:83,0
DA:85,0
DA:87,0
DA:89,0
DA:90,0
DA:91,0
DA:96,0
DA:97,0
DA:101,0
DA:102,0
DA:103,0
DA:106,0
DA:107,0
DA:110,0
DA:111,0
DA:119,0
DA:121,0
DA:123,0
DA:125,0
DA:127,0
DA:129,0
DA:132,0
DA:139,0
DA:142,0
DA:145,0
DA:146,0
DA:147,0
DA:148,0
DA:150,0
DA:154,0
DA:156,0
DA:158,0
DA:160,0
DA:162,0
DA:164,0
DA:166,0
DA:168,0
DA:170,0
DA:172,0
DA:174,0
DA:176,0
DA:178,0
DA:185,0
DA:187,0
DA:189,0
DA:191,0
DA:193,0
LF:84
LH:0
end_of_record
SF:lib/core/l10n/rideglory_l10n.dart
DA:9,0
DA:13,0
DA:14,0
DA:16,0
DA:18,0
DA:20,0
LF:6
LH:0
end_of_record
SF:lib/core/permissions/location_permission_handler.dart
DA:29,0
DA:30,0
DA:34,0
DA:35,0
DA:36,0
DA:39,0
DA:40,0
DA:41,0
DA:44,0
DA:45,0
DA:46,0
DA:49,0
DA:50,0
DA:53,0
DA:57,0
DA:59,0
DA:60,0
DA:61,0
DA:63,0
DA:67,0
DA:68,0
DA:69,0
DA:70,0
DA:74,0
DA:75,0
DA:79,0
DA:80,0
DA:87,0
DA:88,0
DA:89,0
DA:92,0
LF:31
LH:0
end_of_record
SF:lib/core/services/models/authenticated_user.dart
DA:5,0
LF:1
LH:0
end_of_record
SF:lib/core/services/dto/geocode_result_dto.dart
DA:7,0
DA:17,0
DA:18,0
DA:20,0
LF:4
LH:0
end_of_record
SF:lib/core/services/dto/geocode_result_dto.g.dart
DA:9,0
DA:10,0
DA:11,0
DA:12,0
DA:13,0
DA:16,0
DA:17,0
DA:18,0
DA:19,0
DA:20,0
LF:10
LH:0
end_of_record
SF:lib/features/users/data/dto/user_dto.dart
DA:10,0
DA:28,0
DA:29,0
DA:31,0
DA:32,0
DA:33,0
DA:34,0
DA:35,0
DA:36,0
DA:37,0
DA:38,0
DA:39,0
DA:40,0
DA:41,0
DA:42,0
DA:43,0
DA:44,0
DA:45,0
DA:46,0
DA:49,0
LF:20
LH:0
end_of_record
SF:lib/features/users/data/dto/user_dto.g.dart
DA:9,0
DA:10,0
DA:11,0
DA:12,0
DA:13,0
DA:14,0
DA:15,0
DA:17,0
DA:18,0
DA:19,0
DA:20,0
DA:21,0
DA:22,0
DA:23,0
DA:24,0
DA:25,0
DA:26,0
DA:28,0
DA:29,0
DA:33,0
DA:34,0
DA:35,0
DA:36,0
DA:37,0
DA:38,0
DA:39,0
DA:40,0
DA:41,0
DA:42,0
DA:43,0
DA:44,0
DA:45,0
DA:46,0
DA:47,0
DA:48,0
LF:35
LH:0
end_of_record
SF:lib/design_system/foundation/theme/app_colors.dart
DA:6,0
DA:20,10
DA:83,10
DA:84,10
DA:85,0
DA:86,0
DA:87,0
DA:90,10
DA:91,10
DA:92,0
LF:10
LH:5
end_of_record
SF:lib/core/utils/initials.dart
DA:3,0
DA:4,0
DA:5,0
DA:6,0
DA:7,0
DA:9,0
DA:10,0
DA:11,0
DA:15,0
DA:19,0
DA:20,0
DA:21,0
DA:25,2
DA:26,2
DA:27,2
DA:30,4
DA:31,4
DA:32,0
DA:33,0
DA:34,0
DA:36,0
DA:38,8
DA:39,2
DA:40,4
DA:41,6
LF:25
LH:9
end_of_record
SF:lib/design_system/atoms/feedback/app_loading_indicator.dart
DA:12,1
DA:33,3
DA:34,3
DA:35,6
DA:37,3
DA:38,3
DA:39,3
DA:40,3
DA:41,3
DA:42,3
DA:47,2
DA:50,3
DA:52,3
DA:53,3
DA:54,1
DA:55,2
DA:56,2
DA:57,0
DA:58,0
DA:60,0
LF:20
LH:17
end_of_record
SF:lib/design_system/atoms/layout/app_card.dart
DA:13,0
DA:26,0
DA:28,0
DA:31,0
DA:32,0
DA:35,0
DA:36,0
DA:37,0
DA:38,0
DA:45,0
DA:46,0
DA:52,0
DA:53,0
DA:54,0
DA:56,0
DA:57,0
DA:60,0
DA:62,0
DA:64,0
DA:65,0
LF:20
LH:0
end_of_record
SF:lib/design_system/atoms/layout/app_section_title.dart
DA:6,0
DA:17,0
DA:19,0
DA:21,0
DA:22,0
DA:23,0
DA:26,0
DA:27,0
DA:28,0
DA:29,0
DA:30,0
DA:35,0
LF:12
LH:0
end_of_record
SF:lib/design_system/atoms/chips/app_filter_chip.dart
DA:6,0
DA:19,0
DA:21,0
DA:23,0
DA:24,0
DA:25,0
DA:26,0
DA:27,0
DA:30,0
DA:31,0
DA:32,0
DA:33,0
DA:34,0
DA:35,0
DA:36,0
DA:38,0
DA:42,0
DA:43,0
DA:44,0
DA:45,0
LF:20
LH:0
end_of_record
SF:lib/design_system/atoms/badges/app_event_badge.dart
DA:39,0
DA:52,0
DA:53,0
DA:54,0
DA:55,0
DA:57,0
DA:58,0
DA:59,0
DA:60,0
DA:61,0
DA:62,0
DA:63,0
DA:67,0
DA:69,0
DA:71,0
DA:72,0
DA:73,0
DA:75,0
DA:76,0
LF:19
LH:0
end_of_record
SF:lib/shared/widgets/form/app_button.dart
DA:20,4
DA:34,4
DA:36,4
DA:37,4
DA:39,4
DA:40,7
DA:41,1
DA:42,2
DA:43,2
DA:46,8
DA:48,2
DA:50,8
DA:51,3
DA:54,8
DA:56,6
DA:58,8
DA:60,4
DA:61,5
DA:62,4
DA:63,4
DA:64,4
DA:66,4
DA:68,4
DA:69,8
DA:70,4
DA:71,12
DA:72,4
DA:73,4
DA:75,4
DA:80,4
DA:81,4
DA:82,0
DA:85,0
DA:90,4
DA:93,4
DA:94,6
DA:95,4
DA:98,4
DA:99,4
DA:100,4
DA:101,8
LF:41
LH:39
end_of_record
SF:lib/shared/widgets/form/app_text_button.dart
DA:15,2
DA:26,2
DA:28,2
DA:30,2
DA:31,4
DA:32,0
DA:33,0
DA:36,2
DA:37,0
DA:38,0
DA:39,0
DA:40,0
DA:41,0
DA:42,0
DA:43,0
DA:48,0
DA:49,0
DA:50,0
DA:52,0
DA:57,2
DA:58,6
DA:59,2
DA:61,2
DA:63,2
DA:64,0
DA:67,0
DA:72,4
LF:27
LH:12
end_of_record
SF:lib/shared/widgets/detail_pill.dart
DA:11,0
DA:24,0
DA:26,0
DA:27,0
DA:30,0
DA:31,0
DA:34,0
DA:35,0
DA:41,0
DA:42,0
DA:45,0
DA:46,0
DA:48,0
DA:50,0
DA:52,0
DA:55,0
DA:57,0
DA:58,0
DA:59,0
DA:60,0
DA:61,0
DA:64,0
DA:65,0
DA:66,0
DA:67,0
DA:74,0
DA:75,0
DA:76,0
DA:78,0
DA:86,0
DA:87,0
DA:88,0
LF:32
LH:0
end_of_record
SF:lib/shared/widgets/info_chip.dart
DA:11,0
DA:20,0
DA:23,0
DA:24,0
DA:26,0
DA:27,0
DA:28,0
DA:29,0
DA:31,0
DA:33,0
DA:34,0
DA:36,0
DA:37,0
DA:38,0
DA:40,0
DA:51,0
DA:52,0
DA:53,0
DA:55,0
DA:57,0
DA:58,0
DA:59,0
DA:60,0
DA:61,0
DA:62,0
DA:66,0
DA:69,0
DA:70,0
DA:71,0
DA:72,0
LF:30
LH:0
end_of_record
SF:lib/shared/widgets/form/app_checkbox.dart
DA:5,1
DA:22,1
DA:24,1
DA:25,1
DA:26,3
DA:27,1
DA:28,1
DA:29,1
LF:8
LH:8
end_of_record
SF:lib/shared/widgets/form/app_chips_input.dart
DA:15,0
DA:27,0
DA:28,0
DA:35,0
DA:37,0
DA:38,0
DA:39,0
DA:42,0
DA:43,0
DA:44,0
DA:45,0
DA:46,0
DA:47,0
DA:51,0
DA:56,0
DA:57,0
DA:58,0
DA:61,0
DA:63,0
DA:64,0
DA:65,0
DA:66,0
DA:67,0
DA:68,0
DA:70,0
DA:72,0
DA:73,0
DA:74,0
DA:75,0
DA:76,0
DA:77,0
DA:78,0
DA:79,0
DA:80,0
DA:81,0
DA:82,0
DA:83,0
DA:84,0
DA:88,0
DA:90,0
DA:91,0
DA:92,0
DA:95,0
DA:96,0
DA:99,0
DA:101,0
DA:104,0
DA:105,0
DA:106,0
DA:107,0
DA:108,0
DA:109,0
DA:112,0
LF:53
LH:0
end_of_record
SF:lib/shared/widgets/form/app_date_picker.dart
DA:6,1
DA:39,1
DA:40,1
DA:44,1
DA:46,1
DA:48,1
DA:49,1
DA:50,2
DA:51,2
DA:53,1
DA:54,2
DA:55,2
DA:56,2
DA:57,2
DA:58,2
DA:59,2
DA:60,2
DA:61,2
DA:62,2
DA:63,1
DA:64,2
DA:65,2
DA:67,1
DA:68,2
DA:69,2
LF:25
LH:25
end_of_record
SF:lib/shared/widgets/form/app_dropdown.dart
DA:6,0
DA:29,0
DA:31,0
DA:33,0
DA:34,0
DA:35,0
DA:36,0
DA:37,0
DA:39,0
DA:40,0
DA:41,0
DA:42,0
DA:43,0
DA:44,0
DA:46,0
DA:47,0
DA:48,0
LF:17
LH:0
end_of_record
SF:lib/shared/widgets/form/app_mileage_field.dart
DA:8,0
DA:32,0
DA:34,0
DA:35,0
DA:36,0
DA:38,0
DA:39,0
DA:42,0
DA:45,0
DA:46,0
DA:47,0
DA:48,0
DA:50,0
DA:51,0
DA:52,0
DA:53,0
DA:54,0
DA:55,0
DA:78,0
DA:80,0
DA:81,0
DA:82,0
DA:84,0
LF:23
LH:0
end_of_record
SF:lib/shared/widgets/form/app_password_text_field.dart
DA:18,0
DA:34,0
DA:35,0
DA:41,0
DA:42,0
DA:43,0
DA:47,0
DA:49,0
DA:50,0
DA:51,0
DA:52,0
DA:53,0
DA:54,0
DA:55,0
DA:56,0
DA:59,0
DA:61,0
DA:62,0
DA:63,0
DA:64,0
DA:65,0
DA:66,0
DA:67,0
DA:68,0
DA:69,0
LF:25
LH:0
end_of_record
SF:lib/shared/widgets/form/app_text_field.dart
DA:34,0
DA:63,0
DA:64,0
DA:71,0
DA:73,0
DA:74,0
DA:75,0
DA:78,0
DA:79,0
DA:82,0
DA:84,0
DA:85,0
DA:86,0
DA:89,0
DA:91,0
DA:93,0
DA:95,0
DA:96,0
DA:97,0
DA:98,0
DA:99,0
DA:101,0
DA:102,0
DA:103,0
DA:104,0
DA:105,0
DA:107,0
DA:108,0
DA:111,0
DA:112,0
DA:113,0
DA:114,0
DA:116,0
DA:118,0
DA:119,0
DA:120,0
DA:121,0
DA:122,0
DA:123,0
DA:124,0
DA:125,0
DA:126,0
DA:127,0
DA:129,0
DA:130,0
DA:131,0
DA:132,0
DA:133,0
DA:135,0
LF:49
LH:0
end_of_record
SF:lib/shared/widgets/form/text_field_label.dart
DA:8,1
DA:14,1
DA:16,2
DA:17,3
DA:20,1
DA:26,1
DA:27,2
DA:28,0
DA:29,0
DA:30,0
DA:32,0
DA:33,0
DA:35,0
DA:41,1
LF:14
LH:8
end_of_record
SF:lib/shared/widgets/app_app_bar.dart
DA:8,1
DA:10,1
DA:12,1
DA:13,2
DA:14,1
DA:15,1
DA:20,1
LF:7
LH:7
end_of_record
SF:lib/design_system/foundation/extensions/widget_extensions.dart
DA:5,0
DA:6,0
DA:10,0
DA:11,0
DA:15,0
DA:16,0
DA:17,0
DA:24,0
DA:25,0
DA:29,0
DA:35,0
DA:36,0
DA:45,0
DA:46,0
DA:47,0
DA:52,0
DA:53,0
DA:57,0
DA:58,0
DA:62,0
DA:63,0
DA:67,0
DA:73,0
DA:74,0
DA:83,0
DA:84,0
DA:85,0
DA:92,0
DA:94,0
DA:96,0
LF:30
LH:0
end_of_record
SF:lib/design_system/foundation/theme/app_colors_extension.dart
DA:49,5
DA:83,5
DA:84,5
DA:110,5
DA:111,5
DA:112,5
DA:113,5
DA:114,5
DA:118,0
DA:151,0
DA:152,0
DA:153,0
DA:154,0
DA:155,0
DA:156,0
DA:157,0
DA:158,0
DA:159,0
DA:160,0
DA:161,0
DA:162,0
DA:163,0
DA:164,0
DA:165,0
DA:166,0
DA:167,0
DA:168,0
DA:169,0
DA:170,0
DA:171,0
DA:172,0
DA:173,0
DA:175,0
DA:176,0
DA:177,0
DA:178,0
DA:179,0
DA:180,0
DA:181,0
DA:182,0
DA:186,0
DA:193,0
DA:195,0
DA:196,0
DA:197,0
DA:198,0
DA:199,0
DA:200,0
DA:201,0
DA:202,0
DA:203,0
DA:204,0
DA:205,0
DA:206,0
DA:207,0
DA:208,0
DA:209,0
DA:210,0
DA:211,0
DA:212,0
DA:213,0
DA:214,0
DA:215,0
DA:216,0
DA:217,0
DA:218,0
DA:220,0
DA:221,0
DA:222,0
DA:223,0
DA:225,0
DA:226,0
DA:227,0
DA:229,0
DA:230,0
DA:231,0
DA:232,0
DA:233,0
DA:234,0
LF:79
LH:8
end_of_record
SF:lib/design_system/foundation/theme/app_text_styles.dart
DA:8,0
LF:1
LH:0
end_of_record
SF:lib/design_system/foundation/theme/app_theme.dart
DA:11,0
DA:13,5
DA:15,5
DA:22,5
DA:32,5
DA:50,5
DA:51,5
DA:52,5
DA:54,5
DA:56,5
DA:57,5
DA:59,5
DA:60,5
DA:62,5
DA:63,5
DA:67,5
DA:70,5
DA:72,10
DA:75,5
DA:76,5
DA:77,5
DA:80,10
DA:81,5
DA:82,5
DA:89,5
DA:91,5
DA:98,5
DA:99,5
DA:100,10
DA:102,5
DA:103,5
DA:104,10
DA:106,5
DA:107,5
DA:108,10
DA:110,10
DA:111,5
DA:112,5
DA:119,5
DA:120,5
DA:121,5
DA:122,5
DA:124,10
DA:134,5
DA:135,5
DA:136,5
DA:137,10
DA:138,10
DA:148,5
DA:149,5
DA:150,5
DA:161,5
DA:162,5
DA:164,5
DA:165,5
DA:166,10
DA:172,10
DA:175,5
DA:176,5
DA:182,5
DA:183,5
DA:184,0
DA:185,0
DA:189,10
DA:190,5
DA:191,0
DA:192,0
DA:194,0
DA:195,0
DA:197,0
DA:199,10
DA:203,5
DA:204,5
DA:208,5
DA:209,5
DA:210,10
DA:211,10
DA:216,5
DA:217,5
DA:219,10
DA:223,5
DA:224,5
DA:232,5
DA:234,5
DA:241,5
DA:251,5
DA:269,5
DA:270,5
DA:271,5
DA:273,5
DA:274,5
DA:275,5
DA:277,5
DA:278,5
DA:280,5
DA:281,5
DA:285,5
DA:289,5
DA:291,10
DA:294,5
DA:295,5
DA:296,5
DA:299,10
DA:300,5
DA:301,5
DA:310,5
DA:312,5
DA:317,5
DA:318,5
DA:319,10
DA:322,5
DA:323,5
DA:324,10
DA:326,5
DA:327,5
DA:328,10
DA:330,5
DA:331,5
DA:332,10
DA:334,10
DA:336,5
DA:337,5
DA:344,5
DA:345,5
DA:346,5
DA:347,5
DA:349,10
DA:359,5
DA:360,5
DA:361,5
DA:362,10
DA:363,10
DA:373,5
DA:374,5
DA:375,5
DA:386,5
DA:387,5
DA:389,5
DA:390,5
DA:391,10
DA:397,10
DA:400,5
DA:401,5
DA:406,5
DA:407,6
DA:408,2
DA:411,10
DA:412,6
DA:413,1
DA:414,2
DA:416,2
DA:418,10
DA:422,5
DA:423,5
DA:427,5
DA:428,5
DA:429,10
DA:430,10
DA:435,5
DA:436,5
DA:438,10
DA:442,5
DA:443,5
LF:163
LH:155
end_of_record
SF:lib/shared/widgets/approve_reject_bar.dart
DA:5,1
DA:18,1
DA:20,1
DA:21,1
DA:22,1
DA:23,1
DA:24,1
DA:26,1
DA:33,1
DA:34,1
DA:35,1
DA:37,1
LF:12
LH:12
end_of_record
SF:lib/shared/widgets/contact_popup_menu_button.dart
DA:6,0
DA:23,0
DA:25,0
DA:26,0
DA:28,0
DA:29,0
DA:30,0
DA:31,0
DA:33,0
DA:34,0
DA:36,0
DA:37,0
DA:39,0
DA:40,0
DA:44,0
DA:45,0
DA:47,0
DA:48,0
DA:49,0
DA:52,0
DA:55,0
DA:59,0
DA:61,0
DA:62,0
DA:63,0
DA:66,0
DA:69,0
DA:74,0
DA:76,0
DA:78,0
DA:79,0
DA:82,0
DA:85,0
DA:86,0
DA:87,0
DA:88,0
DA:92,0
DA:94,0
LF:38
LH:0
end_of_record
SF:lib/design_system/molecules/feedback/document_slot_pill.dart
DA:21,0
DA:47,0
DA:58,0
DA:60,0
DA:62,0
DA:63,0
DA:64,0
DA:65,0
DA:66,0
DA:69,0
DA:71,0
DA:73,0
DA:74,0
DA:81,0
DA:91,0
DA:93,0
DA:94,0
DA:105,0
DA:106,0
DA:108,0
DA:109,0
DA:110,0
DA:121,0
DA:122,0
DA:123,0
DA:136,0
DA:140,0
DA:141,0
DA:142,0
DA:143,0
DA:144,0
DA:145,0
DA:146,0
DA:150,0
DA:151,0
DA:152,0
DA:153,0
DA:154,0
DA:155,0
DA:159,0
DA:160,0
DA:161,0
DA:162,0
DA:163,0
DA:164,0
DA:168,0
DA:169,0
DA:170,0
DA:171,0
DA:172,0
DA:173,0
DA:177,0
DA:178,0
DA:179,0
DA:180,0
DA:181,0
DA:182,0
DA:183,0
DA:187,0
DA:189,0
DA:191,0
DA:193,0
DA:195,0
DA:196,0
DA:197,0
DA:200,0
DA:201,0
DA:202,0
DA:204,0
DA:207,0
DA:208,0
DA:210,0
DA:211,0
DA:212,0
DA:219,0
DA:221,0
DA:222,0
DA:234,0
DA:236,0
DA:237,0
DA:239,0
DA:240,0
DA:241,0
DA:243,0
DA:244,0
DA:245,0
DA:248,0
DA:252,0
DA:254,0
DA:255,0
DA:256,0
DA:259,0
DA:261,0
DA:276,1
DA:278,0
LF:95
LH:1
end_of_record
SF:lib/shared/widgets/empty_state_widget.dart
DA:31,1
DA:43,1
DA:45,3
DA:46,1
DA:47,1
DA:48,1
DA:49,1
DA:51,1
DA:53,1
DA:55,1
DA:57,1
DA:58,1
DA:61,3
DA:66,1
DA:67,1
DA:68,2
DA:75,2
DA:77,1
DA:78,1
DA:79,2
DA:84,3
DA:86,1
DA:87,1
DA:88,1
DA:89,1
DA:91,4
LF:26
LH:26
end_of_record
SF:lib/shared/widgets/no_search_results_empty_widget.dart
DA:6,0
DA:8,0
DA:10,0
DA:12,0
DA:13,0
DA:15,0
DA:16,0
DA:18,0
DA:28,0
DA:30,0
DA:31,0
DA:34,0
DA:37,0
DA:38,0
DA:39,0
DA:41,0
DA:46,0
DA:47,0
DA:48,0
DA:49,0
LF:20
LH:0
end_of_record
SF:lib/shared/widgets/form/app_autocomplete_chips_field.dart
DA:6,0
DA:27,0
DA:29,0
DA:38,0
DA:40,0
DA:41,0
DA:42,0
DA:45,0
DA:46,0
DA:47,0
DA:48,0
DA:49,0
DA:51,0
DA:55,0
DA:56,0
DA:57,0
DA:58,0
DA:59,0
DA:61,0
DA:62,0
DA:63,0
DA:66,0
DA:67,0
DA:68,0
DA:71,0
DA:72,0
DA:74,0
DA:75,0
DA:76,0
DA:78,0
DA:79,0
DA:82,0
DA:83,0
DA:84,0
DA:85,0
DA:86,0
DA:87,0
DA:88,0
DA:89,0
DA:90,0
DA:91,0
DA:97,0
DA:101,0
DA:102,0
DA:103,0
DA:104,0
DA:105,0
DA:106,0
DA:107,0
DA:112,0
DA:113,0
DA:114,0
DA:117,0
DA:120,0
DA:121,0
DA:122,0
DA:123,0
DA:124,0
DA:139,0
DA:142,0
DA:143,0
DA:144,0
DA:147,0
DA:149,0
DA:150,0
DA:152,0
DA:153,0
DA:154,0
DA:155,0
DA:156,0
DA:157,0
DA:159,0
DA:161,0
DA:162,0
DA:163,0
DA:164,0
DA:165,0
DA:166,0
DA:167,0
DA:168,0
DA:169,0
DA:171,0
DA:172,0
DA:173,0
DA:174,0
DA:175,0
DA:177,0
DA:178,0
DA:180,0
DA:182,0
DA:184,0
DA:185,0
DA:186,0
DA:192,0
DA:194,0
DA:197,0
DA:198,0
DA:203,0
DA:204,0
DA:205,0
DA:206,0
DA:207,0
DA:210,0
DA:212,0
DA:213,0
DA:214,0
DA:215,0
DA:216,0
DA:222,0
DA:223,0
DA:224,0
DA:227,0
DA:233,0
LF:113
LH:0
end_of_record
SF:lib/shared/widgets/form/app_autocomplete_field.dart
DA:6,1
DA:37,1
DA:38,1
DA:50,1
DA:51,4
DA:53,1
DA:55,1
DA:56,3
DA:59,1
DA:61,3
DA:62,2
DA:63,1
DA:64,2
DA:65,1
DA:68,0
DA:69,0
DA:70,0
DA:71,0
DA:76,1
DA:77,1
DA:78,3
DA:79,2
DA:80,1
DA:81,2
DA:83,1
DA:84,0
DA:86,1
DA:88,2
DA:89,1
DA:93,1
DA:97,2
DA:100,3
DA:104,3
DA:107,2
DA:108,1
DA:109,2
DA:111,1
DA:112,0
DA:115,1
DA:118,0
DA:119,0
DA:120,0
DA:121,0
DA:122,0
DA:123,0
DA:126,0
DA:127,0
DA:128,0
DA:129,0
DA:130,0
DA:131,0
DA:132,0
DA:133,0
DA:136,0
DA:139,1
DA:140,1
DA:141,1
DA:144,1
DA:146,1
DA:148,1
DA:149,3
DA:150,1
DA:151,2
DA:152,2
DA:154,1
DA:155,2
DA:156,2
DA:157,1
DA:158,4
DA:159,3
DA:160,5
DA:161,3
DA:165,1
DA:166,1
DA:167,1
DA:168,1
DA:169,1
DA:170,2
DA:171,2
DA:172,2
DA:173,1
DA:174,2
DA:175,1
DA:176,3
DA:177,1
DA:179,2
DA:180,0
DA:181,0
DA:182,0
DA:183,0
DA:184,0
DA:187,2
DA:199,0
DA:213,0
DA:215,0
DA:217,0
DA:219,0
DA:220,0
DA:223,0
DA:224,0
DA:225,0
DA:227,0
DA:228,0
DA:229,0
DA:230,0
DA:231,0
DA:232,0
DA:233,0
DA:239,0
DA:243,0
DA:244,0
DA:245,0
DA:246,0
DA:247,0
DA:248,0
DA:249,0
DA:250,0
DA:251,0
DA:256,0
DA:257,0
DA:258,0
DA:260,0
DA:261,0
DA:263,0
LF:124
LH:66
end_of_record
SF:lib/shared/widgets/form/app_city_autocomplete.dart
DA:7,1
DA:36,1
DA:38,2
DA:39,1
DA:40,1
DA:41,0
DA:42,0
DA:49,1
DA:50,1
DA:51,1
DA:52,1
DA:53,1
DA:55,1
DA:56,1
DA:57,1
DA:58,1
DA:59,1
DA:60,1
DA:61,1
DA:62,3
DA:63,2
LF:21
LH:19
end_of_record
SF:lib/shared/widgets/form/app_image_picker.dart
DA:20,0
DA:57,0
DA:58,0
DA:60,0
DA:61,0
DA:67,0
DA:68,0
DA:69,0
DA:72,0
DA:73,0
DA:74,0
DA:77,0
DA:81,0
DA:83,0
DA:84,0
DA:85,0
DA:88,0
DA:97,0
DA:101,0
DA:102,0
DA:108,0
DA:109,0
DA:113,0
DA:114,0
DA:115,0
DA:116,0
DA:120,0
DA:121,0
DA:123,0
DA:127,0
DA:128,0
DA:129,0
DA:135,0
DA:137,0
DA:138,0
DA:140,0
DA:142,0
DA:143,0
DA:144,0
DA:145,0
DA:146,0
DA:147,0
DA:153,0
DA:154,0
DA:155,0
DA:157,0
DA:158,0
DA:159,0
DA:160,0
DA:162,0
DA:163,0
DA:164,0
DA:165,0
DA:166,0
DA:167,0
DA:169,0
DA:170,0
DA:171,0
DA:176,0
DA:177,0
DA:184,0
DA:185,0
DA:186,0
DA:187,0
DA:193,0
DA:194,0
DA:198,0
DA:199,0
DA:200,0
DA:201,0
DA:202,0
DA:205,0
DA:212,0
DA:213,0
DA:216,0
DA:217,0
DA:218,0
DA:219,0
DA:220,0
DA:221,0
DA:222,0
DA:224,0
DA:226,0
DA:235,0
DA:237,0
DA:242,0
DA:245,0
DA:246,0
DA:248,0
DA:249,0
DA:252,0
DA:253,0
DA:254,0
DA:258,0
DA:261,0
DA:266,0
DA:267,0
DA:269,0
DA:270,0
DA:274,0
DA:276,0
DA:280,0
DA:281,0
DA:283,0
DA:284,0
DA:289,0
DA:290,0
DA:291,0
DA:292,0
DA:293,0
DA:294,0
DA:297,0
DA:300,0
DA:302,0
DA:303,0
DA:305,0
DA:306,0
DA:308,0
DA:327,0
DA:339,0
DA:341,0
DA:342,0
DA:343,0
DA:344,0
DA:345,0
DA:346,0
DA:349,0
DA:350,0
DA:351,0
DA:353,0
DA:356,0
DA:357,0
DA:359,0
DA:360,0
DA:361,0
DA:364,0
DA:365,0
DA:379,0
DA:383,0
DA:387,0
DA:388,0
DA:389,0
DA:390,0
DA:392,0
DA:393,0
DA:395,0
DA:396,0
DA:398,0
DA:399,0
DA:400,0
DA:402,0
DA:403,0
DA:404,0
DA:409,0
LF:154
LH:0
end_of_record
SF:lib/shared/widgets/form/app_rich_text_editor.dart
DA:21,0
DA:35,0
DA:36,0
DA:43,0
DA:45,0
DA:46,0
DA:47,0
DA:48,0
DA:49,0
DA:53,0
DA:54,0
DA:56,0
DA:57,0
DA:63,0
DA:64,0
DA:70,0
DA:73,0
DA:75,0
DA:76,0
DA:77,0
DA:80,0
DA:82,0
DA:83,0
DA:86,0
DA:88,0
DA:89,0
DA:90,0
DA:93,0
DA:94,0
DA:95,0
DA:96,0
DA:98,0
DA:99,0
DA:104,0
DA:105,0
DA:106,0
DA:108,0
DA:109,0
DA:111,0
DA:112,0
DA:113,0
DA:114,0
DA:115,0
DA:118,0
DA:119,0
DA:120,0
DA:121,0
DA:122,0
DA:123,0
DA:124,0
DA:125,0
DA:127,0
DA:129,0
DA:130,0
DA:131,0
DA:132,0
DA:133,0
DA:142,0
DA:144,0
DA:145,0
DA:146,0
DA:147,0
DA:150,0
DA:151,0
DA:154,0
DA:156,0
DA:159,0
DA:161,0
DA:164,0
DA:166,0
DA:169,0
DA:171,0
DA:174,0
DA:176,0
DA:179,0
DA:181,0
DA:184,0
DA:186,0
DA:190,0
DA:191,0
DA:197,0
DA:199,0
DA:200,0
DA:201,0
DA:202,0
DA:204,0
DA:207,0
DA:210,0
DA:211,0
DA:213,0
DA:216,0
DA:217,0
DA:218,0
DA:219,0
DA:223,0
DA:224,0
DA:227,0
DA:228,0
DA:229,0
DA:230,0
DA:231,0
DA:232,0
DA:237,0
DA:238,0
DA:239,0
DA:242,0
DA:244,0
DA:246,0
DA:247,0
DA:250,0
DA:253,0
DA:255,0
DA:256,0
DA:272,0
DA:274,0
DA:275,0
DA:276,0
DA:277,0
DA:278,0
DA:279,0
LF:120
LH:0
end_of_record
SF:lib/shared/widgets/form/app_search_bar.dart
DA:11,0
DA:19,0
DA:21,0
DA:22,0
DA:25,0
DA:27,0
DA:28,0
DA:29,0
DA:31,0
DA:33,0
DA:34,0
DA:35,0
DA:36,0
DA:37,0
DA:38,0
DA:39,0
DA:40,0
DA:43,0
DA:44,0
DA:45,0
DA:47,0
DA:48,0
DA:49,0
DA:51,0
DA:52,0
DA:53,0
DA:54,0
DA:63,0
LF:28
LH:0
end_of_record
SF:lib/shared/widgets/container_pull_to_refresh.dart
DA:4,2
DA:13,2
DA:15,2
DA:16,2
DA:17,2
DA:19,2
DA:20,2
DA:22,8
DA:23,2
DA:24,8
DA:25,8
DA:28,2
LF:12
LH:12
end_of_record
SF:lib/shared/widgets/form/form_section_header.dart
DA:6,0
DA:8,0
DA:10,0
DA:11,0
DA:13,0
DA:14,0
DA:15,0
DA:16,0
DA:17,0
LF:9
LH:0
end_of_record
SF:lib/shared/widgets/modals/app_bottom_sheet.dart
DA:12,0
DA:22,0
DA:24,0
DA:25,0
DA:26,0
DA:27,0
DA:30,0
DA:32,0
DA:33,0
DA:34,0
DA:38,0
DA:39,0
DA:40,0
DA:44,0
DA:46,0
DA:48,0
DA:49,0
DA:50,0
DA:51,0
DA:55,0
DA:57,0
DA:63,0
DA:64,0
DA:65,0
DA:67,0
DA:69,0
DA:71,0
DA:75,0
DA:81,0
DA:91,0
DA:94,0
DA:97,0
LF:32
LH:0
end_of_record
SF:lib/shared/widgets/modals/app_dialog.dart
DA:12,0
DA:28,0
DA:39,0
DA:40,0
DA:41,0
DA:44,0
DA:45,0
DA:46,0
DA:49,0
DA:51,0
DA:52,0
DA:53,0
DA:54,0
DA:55,0
DA:57,0
DA:58,0
DA:59,0
DA:60,0
DA:65,0
DA:66,0
DA:71,0
DA:72,0
DA:73,0
DA:74,0
DA:75,0
DA:76,0
DA:84,0
DA:85,0
DA:86,0
DA:94,0
DA:95,0
DA:97,0
DA:98,0
DA:99,0
DA:106,0
DA:109,0
DA:110,0
LF:37
LH:0
end_of_record
SF:lib/shared/widgets/modals/confirmation_dialog.dart
DA:6,0
DA:18,0
DA:19,0
DA:21,0
DA:24,0
DA:25,0
DA:26,0
DA:27,0
DA:29,0
DA:30,0
DA:32,0
DA:35,0
DA:37,0
DA:39,0
DA:40,0
DA:41,0
DA:42,0
DA:46,0
DA:47,0
DA:49,0
DA:58,0
DA:60,0
DA:66,0
DA:71,0
DA:72,0
DA:73,0
DA:74,0
DA:77,0
DA:78,0
DA:85,0
DA:86,0
DA:88,0
DA:89,0
DA:91,0
DA:94,0
LF:35
LH:0
end_of_record
SF:lib/shared/widgets/modals/dialog_type.dart
DA:13,0
DA:15,0
DA:17,0
DA:19,0
DA:21,0
DA:23,0
DA:28,0
DA:29,0
DA:31,0
DA:32,0
DA:33,0
DA:34,0
DA:35,0
DA:36,0
DA:37,0
DA:38,0
DA:39,0
DA:40,0
LF:18
LH:0
end_of_record
SF:lib/shared/widgets/modals/info_dialog.dart
DA:6,0
DA:13,0
DA:14,0
DA:16,0
DA:17,0
DA:18,0
DA:19,0
DA:21,0
DA:22,0
DA:24,0
DA:27,0
DA:29,0
DA:31,0
DA:32,0
DA:34,0
DA:35,0
DA:37,0
DA:46,0
DA:48,0
DA:54,0
DA:59,0
DA:61,0
LF:22
LH:0
end_of_record
SF:lib/shared/widgets/rich_text_viewer.dart
DA:8,0
DA:10,0
DA:12,0
DA:19,0
DA:20,0
DA:27,0
DA:28,0
DA:35,0
DA:37,0
DA:38,0
LF:10
LH:0
end_of_record
SF:lib/shared/widgets/map/route_map_preview.dart
DA:17,1
DA:28,1
DA:29,1
DA:43,4
DA:44,3
DA:46,1
DA:48,1
DA:49,1
DA:52,0
DA:54,0
DA:55,0
DA:56,0
DA:57,0
DA:58,0
DA:61,0
DA:62,0
DA:63,0
DA:64,0
DA:69,1
DA:70,2
DA:71,3
DA:72,3
DA:76,1
DA:80,3
DA:82,2
DA:84,1
DA:86,1
DA:91,2
DA:92,2
DA:93,1
DA:95,1
DA:97,1
DA:98,1
DA:99,1
DA:100,1
DA:103,2
DA:105,2
DA:107,0
DA:110,1
DA:112,1
DA:113,2
DA:114,2
DA:116,2
DA:118,2
DA:124,1
DA:125,1
DA:128,0
DA:129,0
DA:132,0
DA:133,0
DA:134,0
DA:136,0
DA:138,0
DA:139,0
DA:143,0
DA:145,0
DA:146,0
DA:147,0
DA:148,0
DA:152,0
DA:155,0
DA:156,0
DA:157,0
DA:160,0
DA:163,0
DA:166,0
DA:167,0
DA:170,0
DA:172,0
DA:173,0
DA:176,0
DA:177,0
DA:178,0
DA:179,0
DA:185,0
DA:186,0
DA:187,0
DA:193,1
DA:195,1
DA:196,1
DA:197,1
DA:200,5
DA:202,5
DA:204,3
DA:206,1
DA:208,1
DA:210,1
DA:212,1
DA:214,1
DA:216,1
DA:217,1
DA:218,2
DA:219,1
DA:222,1
DA:223,1
DA:224,2
DA:225,1
DA:226,1
DA:227,1
DA:228,1
DA:229,2
DA:230,2
DA:236,0
DA:237,0
DA:238,0
DA:239,0
DA:240,0
DA:242,0
DA:243,0
DA:244,0
DA:248,1
DA:249,1
DA:251,1
DA:252,1
DA:255,1
DA:258,1
DA:260,1
DA:261,1
DA:265,1
DA:267,1
DA:268,1
DA:277,1
DA:278,1
DA:282,1
DA:287,1
DA:289,1
DA:291,1
DA:292,2
DA:303,2
DA:304,0
DA:308,0
DA:309,0
DA:310,0
DA:311,0
DA:312,0
DA:313,0
DA:314,0
DA:319,0
DA:320,0
DA:321,0
DA:322,0
DA:323,0
DA:324,0
DA:330,0
DA:332,0
DA:333,0
DA:336,0
DA:339,0
DA:341,0
DA:342,0
DA:356,1
DA:357,1
DA:360,1
DA:362,1
DA:363,2
DA:364,1
LF:156
LH:85
end_of_record
SF:lib/shared/widgets/bottom_nav_item.dart
DA:5,0
DA:20,0
DA:22,0
DA:23,0
DA:24,0
DA:26,0
DA:27,0
DA:28,0
DA:29,0
DA:31,0
DA:33,0
DA:34,0
DA:35,0
DA:36,0
DA:42,0
DA:43,0
DA:44,0
DA:45,0
LF:18
LH:0
end_of_record
SF:lib/shared/widgets/home_bottom_navigation_bar.dart
DA:7,0
DA:20,0
DA:22,0
DA:24,0
DA:28,0
DA:30,0
DA:32,0
DA:34,0
DA:35,0
DA:38,0
DA:39,0
DA:40,0
DA:43,0
DA:44,0
DA:45,0
DA:47,0
DA:50,0
DA:51,0
DA:52,0
DA:54,0
DA:57,0
DA:58,0
DA:59,0
DA:61,0
DA:64,0
DA:65,0
DA:66,0
LF:27
LH:0
end_of_record
SF:lib/shared/widgets/main_shell.dart
DA:11,0
DA:12,0
DA:13,0
DA:17,0
DA:26,0
DA:28,0
DA:30,0
DA:31,0
DA:32,0
DA:33,0
DA:34,0
DA:36,0
DA:37,0
DA:38,0
DA:39,0
DA:42,0
DA:43,0
DA:45,0
LF:18
LH:0
end_of_record
SF:lib/shared/widgets/vehicle_list_item.dart
DA:10,0
DA:17,0
DA:19,0
DA:21,0
DA:23,0
DA:24,0
DA:25,0
DA:26,0
DA:27,0
DA:28,0
DA:29,0
DA:30,0
DA:31,0
DA:34,0
DA:37,0
DA:38,0
DA:39,0
DA:41,0
DA:44,0
DA:45,0
DA:46,0
DA:47,0
DA:52,0
DA:53,0
DA:54,0
DA:60,0
DA:62,0
DA:63,0
DA:64,0
DA:66,0
DA:67,0
DA:68,0
DA:69,0
DA:70,0
DA:72,0
DA:74,0
DA:79,0
DA:80,0
DA:82,0
DA:83,0
DA:84,0
DA:85,0
DA:87,0
DA:88,0
DA:89,0
DA:92,0
DA:94,0
DA:95,0
DA:96,0
DA:97,0
DA:98,0
DA:99,0
DA:100,0
DA:101,0
DA:102,0
DA:106,0
DA:108,0
DA:109,0
DA:110,0
DA:111,0
DA:112,0
DA:113,0
DA:120,0
DA:121,0
DA:123,0
LF:65
LH:0
end_of_record
SF:lib/shared/widgets/vehicle_selection_bottom_sheet.dart
DA:13,0
DA:20,0
DA:26,0
DA:30,0
DA:38,0
DA:40,0
DA:50,0
DA:51,0
DA:53,0
DA:55,0
DA:57,0
DA:61,0
DA:63,0
DA:68,0
DA:70,0
DA:72,0
DA:73,0
DA:74,0
DA:81,0
DA:82,0
DA:94,0
DA:95,0
DA:98,0
DA:99,0
DA:101,0
DA:102,0
DA:103,0
DA:105,0
DA:108,0
DA:116,0
DA:117,0
DA:118,0
DA:119,0
DA:121,0
DA:123,0
DA:124,0
DA:127,0
DA:128,0
DA:140,0
DA:148,0
DA:158,0
DA:160,0
DA:161,0
DA:163,0
DA:165,0
DA:166,0
DA:173,0
DA:174,0
DA:176,0
DA:177,0
DA:178,0
DA:185,0
DA:186,0
DA:187,0
DA:188,0
DA:198,0
DA:201,0
DA:203,0
DA:204,0
DA:205,0
DA:211,0
LF:61
LH:0
end_of_record
SF:lib/features/event_registration/data/dto/event_registration_dto.dart
DA:10,0
DA:60,0
DA:61,0
DA:63,0
DA:64,0
DA:65,0
DA:69,0
DA:70,0
DA:71,0
DA:72,0
DA:73,0
DA:74,0
DA:75,0
DA:76,0
DA:77,0
DA:78,0
DA:79,0
DA:80,0
DA:81,0
DA:82,0
DA:83,0
DA:84,0
DA:85,0
DA:86,0
DA:87,0
DA:88,0
DA:89,0
DA:94,0
DA:95,0
DA:96,0
DA:97,0
DA:98,0
DA:99,0
DA:100,0
DA:101,0
DA:102,0
DA:103,0
DA:104,0
DA:105,0
DA:106,0
DA:107,0
DA:108,0
DA:109,0
DA:110,0
DA:111,0
DA:112,0
DA:114,0
DA:115,0
DA:116,0
DA:117,0
DA:118,0
DA:119,0
DA:121,0
DA:122,0
LF:54
LH:0
end_of_record
SF:lib/features/event_registration/data/dto/event_registration_dto.g.dart
DA:9,0
DA:11,0
DA:12,0
DA:13,0
DA:14,0
DA:15,0
DA:17,0
DA:19,0
DA:20,0
DA:21,0
DA:22,0
DA:23,0
DA:24,0
DA:25,0
DA:26,0
DA:27,0
DA:28,0
DA:29,0
DA:30,0
DA:31,0
DA:33,0
DA:34,0
DA:36,0
DA:37,0
DA:39,0
DA:40,0
DA:44,0
DA:46,0
DA:47,0
DA:48,0
DA:49,0
DA:50,0
DA:51,0
DA:52,0
DA:53,0
DA:54,0
DA:55,0
DA:56,0
DA:57,0
DA:58,0
DA:59,0
DA:60,0
DA:61,0
DA:62,0
DA:63,0
DA:64,0
DA:65,0
DA:66,0
LF:48
LH:0
end_of_record
SF:lib/features/event_registration/data/dto/vehicle_summary_dto.dart
DA:8,0
DA:22,0
DA:23,0
DA:25,0
DA:27,0
DA:28,0
DA:29,0
DA:30,0
DA:31,0
DA:32,0
LF:10
LH:0
end_of_record
SF:lib/features/event_registration/data/dto/vehicle_summary_dto.g.dart
DA:9,0
DA:10,0
DA:11,0
DA:12,0
DA:13,0
DA:14,0
DA:15,0
DA:18,0
DA:19,0
DA:20,0
DA:21,0
DA:22,0
DA:23,0
DA:24,0
LF:14
LH:0
end_of_record
SF:lib/features/events/domain/model/rider_profile_model.dart
DA:19,0
DA:36,0
DA:52,0
DA:53,0
DA:54,0
DA:55,0
DA:56,0
DA:57,0
DA:58,0
DA:59,0
DA:60,0
DA:61,0
DA:62,0
DA:63,0
DA:64,0
DA:66,0
DA:67,0
LF:17
LH:0
end_of_record
SF:lib/features/events/data/dto/cover_generation_dto.dart
DA:7,0
DA:17,0
DA:18,0
DA:20,0
LF:4
LH:0
end_of_record
SF:lib/features/events/data/dto/cover_generation_dto.g.dart
DA:9,0
DA:10,0
DA:11,0
DA:12,0
DA:13,0
DA:16,0
DA:17,0
DA:18,0
DA:19,0
DA:20,0
LF:10
LH:0
end_of_record
SF:lib/features/events/data/dto/event_dto.dart
DA:13,0
DA:36,0
DA:37,0
DA:39,0
DA:40,0
DA:41,0
DA:42,0
DA:48,0
DA:49,0
DA:50,0
DA:51,0
DA:52,0
DA:53,0
DA:54,0
DA:55,0
DA:56,0
DA:57,0
DA:58,0
DA:59,0
DA:60,0
DA:61,0
DA:62,0
DA:63,0
DA:64,0
DA:65,0
DA:66,0
DA:67,0
DA:68,0
DA:69,0
LF:29
LH:0
end_of_record
SF:lib/features/events/data/dto/event_dto.g.dart
DA:9,0
DA:10,0
DA:11,0
DA:12,0
DA:13,0
DA:14,0
DA:15,0
DA:16,0
DA:17,0
DA:19,0
DA:20,0
DA:22,0
DA:23,0
DA:24,0
DA:25,0
DA:27,0
DA:28,0
DA:29,0
DA:31,0
DA:32,0
DA:33,0
DA:34,0
DA:35,0
DA:37,0
DA:38,0
DA:40,0
DA:42,0
DA:44,0
DA:48,0
DA:49,0
DA:50,0
DA:51,0
DA:52,0
DA:53,0
DA:54,0
DA:55,0
DA:56,0
DA:57,0
DA:58,0
DA:59,0
DA:60,0
DA:61,0
DA:62,0
DA:63,0
DA:64,0
DA:65,0
DA:66,0
DA:68,0
DA:69,0
DA:71,0
DA:72,0
LF:51
LH:0
end_of_record
SF:lib/features/events/data/dto/event_dto_converters.dart
DA:5,1
DA:7,0
DA:9,0
DA:10,0
DA:14,0
DA:15,0
DA:16,0
DA:17,0
DA:18,0
DA:23,0
DA:26,0
DA:27,0
DA:28,0
DA:29,0
DA:30,0
DA:36,1
DA:38,0
DA:41,0
DA:42,0
DA:43,0
DA:44,0
DA:45,0
DA:46,0
DA:51,0
DA:54,0
DA:55,0
DA:56,0
DA:57,0
DA:58,0
DA:59,0
DA:65,1
DA:80,0
DA:83,0
DA:86,0
DA:89,0
DA:90,0
DA:91,0
DA:92,0
DA:93,0
LF:39
LH:3
end_of_record
SF:lib/features/events/data/dto/rider_profile_dto.dart
DA:10,0
DA:27,0
DA:28,0
DA:30,0
DA:34,0
DA:35,0
DA:36,0
DA:37,0
DA:38,0
DA:39,0
DA:40,0
DA:41,0
DA:42,0
DA:43,0
DA:44,0
DA:45,0
DA:46,0
DA:47,0
DA:48,0
DA:49,0
LF:20
LH:0
end_of_record
SF:lib/features/events/data/dto/rider_profile_dto.g.dart
DA:9,0
DA:10,0
DA:11,0
DA:12,0
DA:13,0
DA:14,0
DA:15,0
DA:16,0
DA:18,0
DA:19,0
DA:20,0
DA:21,0
DA:22,0
DA:23,0
DA:24,0
DA:25,0
DA:26,0
DA:27,0
DA:31,0
DA:33,0
DA:34,0
DA:35,0
DA:36,0
DA:37,0
DA:38,0
DA:39,0
DA:40,0
DA:41,0
DA:42,0
DA:43,0
DA:44,0
DA:45,0
DA:46,0
DA:47,0
DA:48,0
LF:35
LH:0
end_of_record
SF:lib/features/events/data/dto/rider_tracking_dto.dart
DA:11,0
DA:25,0
DA:26,0
DA:28,0
DA:30,0
DA:31,0
DA:32,0
DA:33,0
DA:34,0
DA:35,0
DA:37,0
DA:38,0
DA:39,0
DA:40,0
DA:41,0
DA:42,0
DA:43,0
DA:49,0
DA:50,0
DA:51,0
DA:52,0
DA:53,0
DA:54,0
DA:55,0
DA:56,0
DA:57,0
DA:58,0
DA:59,0
DA:60,0
DA:61,0
LF:30
LH:0
end_of_record
SF:lib/features/events/data/dto/rider_tracking_dto.g.dart
DA:9,0
DA:11,0
DA:12,0
DA:13,0
DA:14,0
DA:15,0
DA:16,0
DA:17,0
DA:18,0
DA:19,0
DA:20,0
DA:21,0
DA:22,0
DA:25,0
DA:27,0
DA:28,0
DA:29,0
DA:30,0
DA:31,0
DA:32,0
DA:33,0
DA:34,0
DA:35,0
DA:36,0
DA:37,0
DA:38,0
LF:26
LH:0
end_of_record
SF:lib/features/events/data/dto/rider_tracking_dto_converters.dart
DA:5,1
DA:7,0
DA:8,0
DA:10,0
DA:11,0
DA:15,1
DA:17,0
DA:20,0
DA:22,0
DA:25,0
DA:26,0
DA:28,0
DA:29,0
DA:31,0
DA:34,0
DA:35,0
LF:16
LH:2
end_of_record
SF:lib/features/events/domain/model/rider_tracking_model.dart
DA:5,0
DA:7,0
DA:9,0
DA:18,0
DA:46,0
DA:59,0
DA:60,0
DA:61,0
DA:62,0
DA:63,0
DA:64,0
DA:65,0
DA:66,0
DA:67,0
DA:68,0
DA:69,0
DA:70,0
LF:17
LH:0
end_of_record
SF:lib/features/events/domain/model/upload_event_image_request.dart
DA:2,0
LF:1
LH:0
end_of_record
SF:lib/features/events/domain/model/sos_alert_model.dart
DA:3,0
LF:1
LH:0
end_of_record
SF:lib/features/events/domain/model/update_location_request.dart
DA:2,0
LF:1
LH:0
end_of_record
SF:lib/features/events/presentation/tracking/cubit/live_tracking_cubit.dart
DA:31,0
DA:50,0
DA:84,0
DA:85,0
DA:86,0
DA:87,0
DA:96,0
DA:98,0
DA:99,0
DA:101,0
DA:105,0
DA:106,0
DA:107,0
DA:109,0
DA:112,0
DA:113,0
DA:117,0
DA:120,0
DA:121,0
DA:122,0
DA:123,0
DA:124,0
DA:125,0
DA:126,0
DA:127,0
DA:136,0
DA:137,0
DA:139,0
DA:140,0
DA:142,0
DA:146,0
DA:147,0
DA:150,0
DA:151,0
DA:152,0
DA:153,0
DA:154,0
DA:155,0
DA:164,0
DA:165,0
DA:169,0
DA:170,0
DA:173,0
DA:174,0
DA:175,0
DA:179,0
DA:180,0
DA:183,0
DA:184,0
DA:187,0
DA:189,0
DA:190,0
DA:191,0
DA:192,0
DA:194,0
DA:195,0
DA:196,0
DA:197,0
DA:206,0
DA:207,0
DA:208,0
DA:209,0
DA:210,0
DA:211,0
DA:212,0
DA:215,0
DA:216,0
DA:219,0
DA:224,0
DA:225,0
DA:230,0
DA:231,0
DA:232,0
DA:233,0
DA:236,0
DA:237,0
DA:238,0
DA:239,0
DA:240,0
DA:241,0
DA:242,0
DA:244,0
DA:246,0
DA:247,0
DA:249,0
DA:250,0
DA:251,0
DA:252,0
DA:253,0
DA:254,0
DA:255,0
DA:256,0
DA:261,0
DA:263,0
DA:265,0
DA:266,0
DA:268,0
DA:269,0
DA:270,0
DA:271,0
DA:275,0
DA:276,0
DA:277,0
DA:278,0
DA:279,0
DA:280,0
DA:281,0
DA:288,0
DA:290,0
DA:292,0
DA:296,0
DA:300,0
DA:301,0
DA:302,0
DA:305,0
DA:306,0
DA:309,0
DA:310,0
DA:311,0
DA:316,0
DA:317,0
DA:318,0
DA:321,0
DA:324,0
DA:325,0
DA:328,0
DA:329,0
DA:330,0
DA:331,0
DA:332,0
DA:333,0
DA:334,0
DA:335,0
DA:336,0
DA:338,0
DA:339,0
DA:342,0
DA:344,0
DA:346,0
DA:349,0
DA:350,0
DA:362,0
DA:364,0
DA:365,0
DA:366,0
DA:367,0
DA:368,0
DA:369,0
DA:370,0
DA:371,0
DA:372,0
DA:374,0
DA:378,0
DA:379,0
DA:382,0
DA:383,0
DA:385,0
DA:386,0
DA:388,0
DA:392,0
DA:393,0
DA:394,0
DA:395,0
DA:396,0
DA:400,0
DA:401,0
DA:402,0
DA:403,0
DA:404,0
DA:405,0
DA:406,0
DA:412,0
DA:413,0
DA:414,0
DA:415,0
DA:416,0
DA:420,0
DA:421,0
DA:422,0
DA:423,0
DA:426,0
DA:430,0
DA:431,0
DA:432,0
DA:433,0
DA:434,0
DA:435,0
DA:436,0
DA:438,0
DA:439,0
DA:440,0
DA:441,0
DA:442,0
DA:451,0
LF:194
LH:0
end_of_record
SF:lib/features/events/presentation/tracking/tracking_location_settings.dart
DA:10,0
DA:19,0
DA:20,0
DA:34,0
DA:35,0
DA:37,0
DA:38,0
DA:53,0
DA:54,0
DA:55,0
DA:59,0
DA:60,0
DA:61,0
LF:13
LH:0
end_of_record
SF:lib/features/home/data/dto/home_dto.dart
DA:11,0
DA:19,0
DA:20,0
DA:22,0
DA:24,0
DA:25,0
DA:26,0
LF:7
LH:0
end_of_record
SF:lib/features/home/data/dto/home_dto.g.dart
DA:9,0
DA:10,0
DA:12,0
DA:13,0
DA:14,0
DA:15,0
DA:18,0
DA:19,0
DA:20,0
LF:9
LH:0
end_of_record
SF:lib/features/home/domain/models/home_data.dart
DA:5,0
LF:1
LH:0
end_of_record
SF:lib/features/vehicles/data/dto/vehicle_dto.dart
DA:9,0
DA:33,0
DA:34,0
DA:36,0
DA:38,0
DA:39,0
DA:40,0
DA:41,0
DA:42,0
DA:43,0
DA:44,0
DA:45,0
DA:46,0
DA:47,0
DA:48,0
DA:49,0
DA:50,0
DA:51,0
DA:52,0
DA:53,0
DA:54,0
DA:55,0
DA:56,0
DA:57,0
DA:58,0
DA:59,0
DA:60,0
DA:66,0
DA:67,0
DA:68,0
DA:69,0
DA:70,0
DA:71,0
DA:72,0
DA:73,0
DA:74,0
DA:75,0
DA:76,0
DA:77,0
DA:78,0
DA:79,0
DA:80,0
DA:81,0
DA:82,0
DA:83,0
DA:84,0
DA:85,0
DA:86,0
DA:87,0
DA:88,0
LF:50
LH:0
end_of_record
SF:lib/features/vehicles/data/dto/vehicle_dto.g.dart
DA:9,0
DA:10,0
DA:11,0
DA:12,0
DA:13,0
DA:14,0
DA:15,0
DA:16,0
DA:17,0
DA:18,0
DA:19,0
DA:21,0
DA:22,0
DA:23,0
DA:25,0
DA:26,0
DA:28,0
DA:29,0
DA:30,0
DA:31,0
DA:32,0
DA:34,0
DA:35,0
DA:36,0
DA:37,0
DA:38,0
DA:41,0
DA:43,0
DA:44,0
DA:45,0
DA:46,0
DA:47,0
DA:48,0
DA:49,0
DA:50,0
DA:51,0
DA:52,0
DA:53,0
DA:55,0
DA:56,0
DA:57,0
DA:58,0
DA:59,0
DA:60,0
DA:61,0
DA:62,0
DA:64,0
DA:65,0
DA:66,0
DA:67,0
DA:68,0
LF:51
LH:0
end_of_record
SF:lib/features/vehicles/domain/models/vehicle_model.dart
DA:28,1
DA:52,1
DA:75,1
DA:76,1
DA:77,1
DA:78,1
DA:79,1
DA:80,1
DA:81,1
DA:82,1
DA:83,1
DA:84,1
DA:85,1
DA:86,1
DA:87,1
DA:88,1
DA:89,0
DA:90,1
DA:91,1
DA:92,2
DA:93,2
DA:94,2
DA:95,2
DA:96,2
DA:100,1
DA:103,1
DA:104,3
DA:105,3
DA:106,3
DA:107,3
DA:108,3
DA:109,3
DA:110,3
DA:111,3
DA:112,3
DA:113,3
DA:114,3
DA:115,3
DA:116,3
DA:117,3
DA:118,0
DA:119,0
DA:120,0
DA:121,0
DA:122,0
DA:123,0
DA:124,0
DA:127,0
DA:128,0
DA:129,0
DA:130,0
DA:131,0
DA:132,0
DA:133,0
DA:134,0
DA:135,0
DA:136,0
DA:137,0
DA:138,0
DA:139,0
DA:140,0
DA:141,0
DA:142,0
DA:143,0
DA:144,0
DA:145,0
DA:146,0
DA:147,0
DA:148,0
DA:149,0
LF:70
LH:39
end_of_record
SF:lib/features/maintenance/data/dto/create_maintenance_response_dto.dart
DA:13,0
DA:15,0
DA:16,0
DA:18,0
DA:22,0
LF:5
LH:0
end_of_record
SF:lib/features/maintenance/data/dto/create_maintenance_response_dto.g.dart
DA:9,0
DA:11,0
DA:12,0
DA:13,0
DA:14,0
DA:17,0
DA:19,0
LF:7
LH:0
end_of_record
SF:lib/features/maintenance/data/dto/maintenance_dto.dart
DA:9,0
DA:26,0
DA:27,0
DA:29,0
DA:30,0
DA:31,0
DA:32,0
DA:33,0
DA:34,0
DA:35,0
DA:36,0
DA:37,0
DA:38,0
DA:39,0
DA:40,0
DA:41,0
DA:44,0
DA:63,0
DA:64,0
DA:65,0
DA:66,0
DA:67,0
DA:68,0
DA:69,0
DA:70,0
DA:71,0
DA:72,0
DA:73,0
DA:74,0
DA:75,0
DA:76,0
DA:77,0
LF:32
LH:0
end_of_record
SF:lib/features/maintenance/data/dto/maintenance_dto.g.dart
DA:9,0
DA:10,0
DA:11,0
DA:12,0
DA:13,0
DA:14,0
DA:15,0
DA:16,0
DA:17,0
DA:19,0
DA:20,0
DA:21,0
DA:22,0
DA:23,0
DA:25,0
DA:26,0
DA:27,0
DA:28,0
DA:30,0
DA:31,0
DA:35,0
DA:37,0
DA:38,0
DA:39,0
DA:40,0
DA:41,0
DA:42,0
DA:43,0
DA:44,0
DA:46,0
DA:47,0
DA:48,0
DA:49,0
DA:50,0
DA:51,0
DA:52,0
DA:53,0
LF:37
LH:0
end_of_record
SF:lib/features/maintenance/domain/model/maintenance_model.dart
DA:67,3
DA:69,1
DA:88,1
DA:92,2
DA:94,1
DA:95,1
DA:96,2
DA:97,1
DA:98,0
DA:102,1
DA:103,3
DA:104,1
DA:105,0
DA:112,0
DA:128,0
DA:129,0
DA:130,0
DA:131,0
DA:132,0
DA:133,0
DA:134,0
DA:135,0
DA:136,0
DA:137,0
DA:138,0
DA:139,0
DA:140,0
DA:141,0
DA:142,0
LF:29
LH:11
end_of_record
SF:lib/features/maintenance/data/dto/vehicle_maintenances_list_response_dto.dart
DA:10,0
DA:16,0
DA:17,0
DA:23,0
DA:24,0
DA:25,0
DA:26,0
DA:32,0
DA:37,0
DA:40,0
LF:10
LH:0
end_of_record
SF:lib/features/maintenance/data/dto/vehicle_maintenances_list_response_dto.g.dart
DA:9,0
DA:11,0
DA:12,0
DA:13,0
DA:15,0
DA:16,0
DA:17,0
DA:21,0
DA:23,0
DA:24,0
DA:25,0
DA:27,0
DA:28,0
DA:29,0
DA:33,0
DA:35,0
DA:36,0
DA:37,0
DA:38,0
DA:39,0
DA:40,0
DA:44,0
DA:46,0
LF:23
LH:0
end_of_record
SF:lib/features/maintenance/domain/model/maintenance_list_summary.dart
DA:3,0
LF:1
LH:0
end_of_record
SF:lib/features/maintenance/domain/model/maintenance_user_list_aggregate.dart
DA:6,1
LF:1
LH:1
end_of_record
SF:lib/features/maintenance/domain/model/maintenance_vehicle_list_result.dart
DA:5,0
LF:1
LH:0
end_of_record
SF:lib/features/notifications/data/dto/notification_dto.dart
DA:9,0
DA:25,0
DA:26,0
DA:28,0
DA:30,0
DA:31,0
DA:32,0
DA:33,0
DA:34,0
DA:35,0
DA:36,0
DA:37,0
DA:38,0
DA:42,0
DA:44,0
DA:45,0
DA:46,0
DA:47,0
DA:48,0
DA:49,0
DA:54,0
DA:55,0
DA:58,0
DA:59,0
DA:65,0
DA:73,0
DA:74,0
DA:76,0
LF:28
LH:0
end_of_record
SF:lib/features/notifications/data/dto/notification_dto.g.dart
DA:9,0
DA:10,0
DA:11,0
DA:12,0
DA:13,0
DA:14,0
DA:15,0
DA:16,0
DA:17,0
DA:21,0
DA:23,0
DA:24,0
DA:25,0
DA:26,0
DA:27,0
DA:28,0
DA:29,0
DA:32,0
DA:33,0
DA:34,0
DA:35,0
DA:36,0
DA:37,0
DA:40,0
DA:42,0
DA:43,0
DA:44,0
LF:27
LH:0
end_of_record
SF:lib/features/notifications/domain/model/notification_model.dart
DA:12,1
DA:30,1
DA:35,1
DA:36,1
DA:37,1
DA:38,1
DA:39,1
DA:40,1
DA:41,0
DA:42,1
LF:10
LH:9
end_of_record
SF:lib/features/soat/data/dto/soat_dto.dart
DA:9,0
DA:31,0
DA:32,0
DA:34,0
DA:36,0
DA:37,0
DA:38,0
DA:39,0
DA:40,0
DA:41,0
DA:42,0
DA:43,0
DA:44,0
DA:45,0
DA:46,0
DA:52,0
DA:53,0
DA:54,0
DA:56,0
DA:57,0
DA:58,0
DA:60,0
DA:61,0
LF:23
LH:0
end_of_record
SF:lib/features/soat/data/dto/soat_dto.g.dart
DA:9,0
DA:10,0
DA:11,0
DA:12,0
DA:13,0
DA:14,0
DA:16,0
DA:17,0
DA:19,0
DA:20,0
DA:21,0
DA:22,0
DA:24,0
DA:25,0
DA:29,0
DA:30,0
DA:31,0
DA:32,0
DA:33,0
DA:34,0
DA:35,0
DA:37,0
DA:38,0
DA:39,0
DA:40,0
LF:25
LH:0
end_of_record
SF:lib/features/soat/domain/models/soat_model.dart
DA:9,2
DA:31,1
DA:32,1
DA:33,1
DA:34,1
DA:38,1
DA:39,1
DA:40,4
DA:41,1
DA:42,2
DA:43,2
DA:44,2
DA:46,2
DA:49,1
DA:60,1
DA:61,1
DA:62,1
DA:63,0
DA:64,1
DA:65,1
DA:66,1
DA:67,1
DA:68,1
DA:69,1
DA:73,0
DA:76,0
DA:77,0
DA:78,0
DA:79,0
DA:80,0
DA:81,0
DA:82,0
DA:83,0
DA:86,0
DA:87,0
DA:88,0
DA:89,0
DA:90,0
DA:91,0
DA:92,0
DA:93,0
DA:94,0
LF:42
LH:23
end_of_record
SF:lib/features/users/data/dto/create_user_dto.dart
DA:2,0
DA:7,0
DA:8,0
LF:3
LH:0
end_of_record
SF:lib/features/users/presentation/pages/rider_profile_page.dart
DA:15,1
DA:19,1
DA:21,1
DA:22,5
DA:23,1
DA:25,3
DA:26,1
DA:27,1
DA:28,1
DA:29,1
DA:30,1
DA:31,1
DA:32,2
DA:33,0
DA:34,2
DA:35,1
DA:36,0
DA:37,0
DA:38,0
LF:19
LH:15
end_of_record
SF:lib/features/users/presentation/widgets/rider_profile_content.dart
DA:8,1
DA:12,1
DA:14,3
DA:16,1
DA:18,1
DA:19,1
DA:21,1
DA:22,1
DA:23,2
DA:32,6
DA:34,1
DA:35,1
DA:36,2
DA:44,2
DA:45,0
DA:47,0
DA:48,0
DA:50,0
DA:57,0
DA:58,0
DA:68,1
DA:69,1
DA:70,2
DA:71,2
DA:72,2
DA:74,1
DA:75,1
DA:78,1
DA:79,0
DA:80,1
DA:84,1
DA:85,1
DA:88,1
DA:89,2
DA:103,1
DA:107,1
DA:109,1
DA:110,1
DA:124,1
DA:126,1
DA:131,1
DA:132,1
DA:133,1
DA:149,1
DA:159,1
DA:161,1
DA:162,1
DA:163,2
DA:165,2
DA:167,2
DA:174,1
DA:179,1
DA:181,1
DA:182,1
DA:184,1
DA:186,1
DA:188,1
DA:190,1
DA:191,1
DA:192,1
DA:200,1
DA:201,1
LF:62
LH:55
end_of_record
SF:lib/features/users/presentation/widgets/rider_profile_error.dart
DA:6,1
DA:15,1
DA:17,2
DA:18,2
DA:20,1
DA:22,1
DA:24,1
DA:25,1
DA:27,1
DA:28,1
DA:29,1
DA:31,1
DA:32,1
DA:33,1
DA:35,1
DA:38,1
DA:39,1
DA:40,1
DA:41,2
DA:42,1
DA:50,1
DA:51,2
DA:52,1
LF:23
LH:23
end_of_record
SF:lib/features/users/presentation/widgets/rider_profile_loading.dart
DA:5,1
DA:7,1
DA:9,2
DA:10,1
DA:12,1
DA:14,1
DA:15,1
DA:16,1
DA:19,1
DA:26,1
DA:27,1
DA:30,1
DA:32,1
DA:37,1
DA:38,1
DA:41,1
DA:43,1
DA:48,1
DA:51,1
DA:53,1
DA:57,1
DA:60,1
DA:62,1
DA:66,1
DA:69,1
DA:71,1
LF:26
LH:26
end_of_record
SF:lib/shared/widgets/states/page_loading_state_widget.dart
DA:5,1
DA:9,2
DA:11,2
DA:12,2
LF:4
LH:4
end_of_record
SF:lib/features/vehicles/data/dto/soat_dto.dart
DA:16,0
DA:26,0
DA:27,0
DA:29,0
DA:31,0
DA:32,0
DA:33,0
DA:34,0
DA:35,0
DA:36,0
DA:37,0
DA:38,0
LF:12
LH:0
end_of_record
SF:lib/features/vehicles/data/dto/soat_dto.g.dart
DA:9,0
DA:10,0
DA:11,0
DA:12,0
DA:13,0
DA:14,0
DA:15,0
DA:16,0
DA:19,0
DA:20,0
DA:21,0
DA:22,0
DA:23,0
DA:24,0
DA:25,0
DA:26,0
LF:16
LH:0
end_of_record
SF:lib/features/vehicles/domain/models/soat_model.dart
DA:10,0
LF:1
LH:0
end_of_record
SF:lib/l10n/app_localizations_es.dart
DA:9,10
DA:11,0
DA:14,0
DA:17,0
DA:20,0
DA:23,0
DA:26,0
DA:29,0
DA:32,0
DA:35,0
DA:38,0
DA:41,0
DA:44,0
DA:47,0
DA:50,0
DA:53,0
DA:56,0
DA:59,0
DA:63,0
DA:67,0
DA:70,0
DA:73,0
DA:77,0
DA:80,0
DA:83,0
DA:86,0
DA:89,0
DA:93,0
DA:97,0
DA:100,0
DA:104,0
DA:107,0
DA:110,0
DA:113,1
DA:116,0
DA:119,0
DA:122,0
DA:125,0
DA:128,0
DA:131,0
DA:134,0
DA:137,0
DA:140,0
DA:143,0
DA:146,0
DA:149,0
DA:152,0
DA:155,0
DA:158,0
DA:160,0
DA:163,0
DA:166,0
DA:169,0
DA:172,0
DA:175,0
DA:178,0
DA:181,0
DA:184,0
DA:187,0
DA:190,0
DA:193,0
DA:196,0
DA:199,0
DA:202,0
DA:205,0
DA:208,0
DA:212,0
DA:215,0
DA:218,0
DA:221,0
DA:224,0
DA:227,0
DA:230,0
DA:233,0
DA:236,0
DA:239,0
DA:242,0
DA:245,0
DA:248,0
DA:251,0
DA:254,0
DA:257,0
DA:261,0
DA:264,0
DA:267,0
DA:270,0
DA:273,0
DA:276,0
DA:280,0
DA:283,0
DA:286,0
DA:289,0
DA:292,0
DA:295,0
DA:298,0
DA:301,0
DA:304,0
DA:307,0
DA:310,0
DA:313,0
DA:316,0
DA:319,0
DA:322,0
DA:325,0
DA:328,0
DA:331,0
DA:335,0
DA:339,0
DA:343,0
DA:347,0
DA:350,0
DA:353,0
DA:356,0
DA:359,0
DA:362,0
DA:365,0
DA:368,0
DA:371,0
DA:374,0
DA:378,0
DA:381,0
DA:384,0
DA:387,0
DA:391,0
DA:394,0
DA:397,1
DA:400,0
DA:403,1
DA:406,0
DA:409,0
DA:412,0
DA:415,0
DA:418,0
DA:421,0
DA:424,0
DA:427,0
DA:430,0
DA:434,0
DA:438,0
DA:441,0
DA:445,0
DA:448,0
DA:452,0
DA:455,0
DA:458,0
DA:461,0
DA:464,0
DA:467,0
DA:470,0
DA:473,0
DA:476,0
DA:479,0
DA:482,0
DA:485,0
DA:488,0
DA:491,1
DA:494,0
DA:497,0
DA:501,1
DA:504,0
DA:507,0
DA:510,0
DA:513,0
DA:516,0
DA:519,0
DA:522,0
DA:525,0
DA:528,0
DA:531,0
DA:534,0
DA:537,0
DA:540,0
DA:543,0
DA:546,0
DA:549,0
DA:552,0
DA:555,0
DA:559,0
DA:562,0
DA:565,0
DA:568,0
DA:571,0
DA:575,0
DA:578,0
DA:581,0
DA:584,0
DA:587,0
DA:590,0
DA:593,0
DA:596,0
DA:599,0
DA:602,0
DA:605,0
DA:608,0
DA:611,0
DA:614,0
DA:617,0
DA:620,0
DA:623,0
DA:627,0
DA:630,0
DA:633,0
DA:636,0
DA:639,0
DA:643,0
DA:646,0
DA:649,0
DA:653,0
DA:657,0
DA:660,0
DA:663,0
DA:666,0
DA:669,0
DA:672,0
DA:675,0
DA:678,0
DA:681,0
DA:685,0
DA:688,0
DA:692,0
DA:696,0
DA:700,0
DA:703,0
DA:706,0
DA:709,0
DA:713,1
DA:716,1
DA:720,0
DA:723,0
DA:727,0
DA:730,1
DA:733,1
DA:736,2
DA:739,0
DA:742,0
DA:745,1
DA:748,1
DA:751,1
DA:754,1
DA:757,1
DA:760,1
DA:763,0
DA:766,0
DA:769,0
DA:772,0
DA:775,0
DA:778,0
DA:781,0
DA:784,0
DA:787,0
DA:790,0
DA:793,0
DA:796,0
DA:799,0
DA:802,0
DA:805,0
DA:808,0
DA:811,0
DA:814,0
DA:817,0
DA:820,0
DA:823,0
DA:826,0
DA:829,0
DA:833,0
DA:836,0
DA:839,0
DA:842,0
DA:845,0
DA:848,0
DA:851,0
DA:854,0
DA:857,0
DA:860,0
DA:863,0
DA:866,0
DA:869,0
DA:872,0
DA:875,0
DA:878,0
DA:881,0
DA:884,0
DA:887,0
DA:891,0
DA:894,0
DA:898,0
DA:901,0
DA:905,0
DA:908,0
DA:911,0
DA:914,1
DA:917,1
DA:920,0
DA:923,0
DA:926,0
DA:929,0
DA:932,0
DA:935,1
DA:938,1
DA:941,0
DA:944,1
DA:947,0
DA:950,1
DA:953,0
DA:956,0
DA:959,0
DA:962,0
DA:965,0
DA:969,0
DA:973,0
DA:976,0
DA:979,0
DA:982,0
DA:985,0
DA:988,0
DA:991,0
DA:994,0
DA:997,0
DA:1000,0
DA:1003,0
DA:1006,0
DA:1009,0
DA:1012,0
DA:1015,0
DA:1018,0
DA:1021,0
DA:1024,0
DA:1027,0
DA:1030,0
DA:1033,0
DA:1036,0
DA:1039,0
DA:1043,0
DA:1046,0
DA:1049,0
DA:1052,0
DA:1055,0
DA:1058,0
DA:1061,0
DA:1064,0
DA:1067,0
DA:1070,0
DA:1073,0
DA:1076,0
DA:1079,0
DA:1082,0
DA:1085,0
DA:1088,0
DA:1092,0
DA:1095,0
DA:1098,0
DA:1102,0
DA:1105,0
DA:1108,0
DA:1112,0
DA:1115,0
DA:1118,0
DA:1121,0
DA:1124,0
DA:1127,0
DA:1131,0
DA:1134,0
DA:1137,0
DA:1140,0
DA:1143,0
DA:1146,0
DA:1149,0
DA:1152,0
DA:1155,0
DA:1158,0
DA:1161,0
DA:1165,0
DA:1168,0
DA:1172,0
DA:1176,0
DA:1179,0
DA:1183,0
DA:1186,0
DA:1190,0
DA:1194,0
DA:1197,0
DA:1200,0
DA:1203,0
DA:1206,0
DA:1209,0
DA:1212,0
DA:1215,0
DA:1218,0
DA:1222,0
DA:1225,0
DA:1228,0
DA:1231,0
DA:1234,0
DA:1237,0
DA:1240,0
DA:1243,0
DA:1246,0
DA:1249,0
DA:1252,0
DA:1255,0
DA:1258,0
DA:1261,0
DA:1264,0
DA:1267,0
DA:1270,0
DA:1273,0
DA:1276,0
DA:1279,0
DA:1282,0
DA:1285,0
DA:1288,0
DA:1291,0
DA:1294,0
DA:1297,0
DA:1301,0
DA:1305,0
DA:1308,0
DA:1311,0
DA:1314,0
DA:1317,0
DA:1320,0
DA:1323,0
DA:1326,0
DA:1329,0
DA:1332,0
DA:1335,0
DA:1338,0
DA:1341,0
DA:1344,0
DA:1347,0
DA:1350,0
DA:1353,0
DA:1356,0
DA:1359,0
DA:1362,0
DA:1365,0
DA:1368,0
DA:1371,0
DA:1374,0
DA:1377,0
DA:1380,0
DA:1383,0
DA:1386,0
DA:1390,0
DA:1393,0
DA:1396,0
DA:1400,0
DA:1403,0
DA:1406,0
DA:1410,0
DA:1413,0
DA:1416,0
DA:1419,0
DA:1422,0
DA:1425,0
DA:1428,0
DA:1431,0
DA:1434,0
DA:1437,0
DA:1440,0
DA:1443,0
DA:1446,0
DA:1449,0
DA:1452,0
DA:1455,0
DA:1459,0
DA:1463,0
DA:1466,0
DA:1469,0
DA:1472,0
DA:1475,0
DA:1478,0
DA:1481,0
DA:1484,0
DA:1487,0
DA:1490,0
DA:1493,0
DA:1497,0
DA:1500,0
DA:1503,0
DA:1506,0
DA:1509,0
DA:1512,0
DA:1515,0
DA:1518,0
DA:1521,0
DA:1524,0
DA:1527,0
DA:1530,0
DA:1533,0
DA:1536,0
DA:1539,0
DA:1542,0
DA:1545,0
DA:1548,0
DA:1551,0
DA:1554,0
DA:1557,0
DA:1560,0
DA:1563,0
DA:1566,0
DA:1569,0
DA:1572,0
DA:1575,0
DA:1579,0
DA:1583,0
DA:1585,0
DA:1588,0
DA:1591,0
DA:1594,0
DA:1597,0
DA:1600,0
DA:1603,0
DA:1607,0
DA:1610,0
DA:1613,0
DA:1616,0
DA:1619,0
DA:1622,0
DA:1626,0
DA:1629,0
DA:1633,0
DA:1637,0
DA:1640,0
DA:1643,0
DA:1646,0
DA:1649,0
DA:1652,0
DA:1655,0
DA:1658,0
DA:1661,0
DA:1664,0
DA:1667,0
DA:1670,0
DA:1673,0
DA:1676,0
DA:1679,0
DA:1682,0
DA:1685,0
DA:1688,0
DA:1691,0
DA:1694,0
DA:1697,0
DA:1701,0
DA:1704,0
DA:1708,0
DA:1711,0
DA:1714,0
DA:1717,0
DA:1720,0
DA:1723,0
DA:1727,0
DA:1730,0
DA:1733,0
DA:1736,0
DA:1739,0
DA:1742,0
DA:1746,0
DA:1749,0
DA:1752,0
DA:1755,0
DA:1758,0
DA:1761,0
DA:1764,0
DA:1767,0
DA:1770,0
DA:1773,0
DA:1776,0
DA:1779,0
DA:1782,0
DA:1785,0
DA:1788,0
DA:1791,0
DA:1794,0
DA:1797,0
DA:1800,0
DA:1803,0
DA:1806,0
DA:1809,0
DA:1812,0
DA:1815,0
DA:1818,0
DA:1821,0
DA:1824,0
DA:1827,0
DA:1830,0
DA:1833,0
DA:1836,0
DA:1839,0
DA:1842,0
DA:1845,0
DA:1848,0
DA:1851,0
DA:1854,0
DA:1857,0
DA:1860,0
DA:1863,0
DA:1866,0
DA:1869,0
DA:1872,0
DA:1875,0
DA:1878,0
DA:1881,0
DA:1884,0
DA:1887,0
DA:1890,0
DA:1893,0
DA:1896,0
DA:1899,0
DA:1902,0
DA:1905,0
DA:1908,0
DA:1911,0
DA:1914,0
DA:1917,0
DA:1920,0
DA:1923,0
DA:1926,0
DA:1929,0
DA:1932,0
DA:1935,0
DA:1938,0
DA:1941,0
DA:1944,0
DA:1947,0
DA:1950,0
DA:1953,0
DA:1956,0
DA:1959,0
DA:1962,0
DA:1965,0
DA:1968,0
DA:1971,0
DA:1974,0
DA:1977,0
DA:1980,0
DA:1983,0
DA:1986,0
DA:1989,0
DA:1992,0
DA:1996,0
DA:1999,0
DA:2002,0
DA:2005,0
DA:2008,0
DA:2011,0
DA:2014,0
DA:2018,0
DA:2022,0
DA:2025,0
DA:2028,0
DA:2031,0
DA:2035,0
DA:2039,0
DA:2043,0
DA:2047,0
DA:2050,0
DA:2054,0
DA:2058,0
DA:2062,0
DA:2066,0
DA:2069,0
DA:2073,0
DA:2076,0
DA:2079,0
DA:2083,0
DA:2086,0
DA:2089,0
DA:2093,0
DA:2097,0
DA:2101,0
DA:2105,0
DA:2109,0
DA:2112,0
DA:2115,0
DA:2119,0
DA:2123,0
DA:2126,0
DA:2129,0
DA:2132,0
DA:2135,0
DA:2138,0
DA:2141,0
DA:2144,0
DA:2147,0
DA:2150,0
DA:2153,0
DA:2156,0
DA:2159,0
DA:2162,0
DA:2165,0
DA:2168,0
DA:2171,0
DA:2174,0
DA:2177,0
DA:2180,0
DA:2183,0
DA:2186,0
DA:2189,0
DA:2192,0
DA:2195,0
DA:2198,0
DA:2201,0
DA:2204,0
DA:2207,0
DA:2210,0
DA:2213,0
DA:2216,0
DA:2219,0
DA:2222,0
DA:2225,0
DA:2228,0
DA:2231,0
DA:2234,0
DA:2237,0
DA:2240,0
DA:2243,0
DA:2246,0
DA:2249,0
DA:2252,0
DA:2255,0
DA:2258,0
DA:2261,0
DA:2264,0
DA:2267,0
DA:2270,0
DA:2273,0
DA:2276,0
DA:2280,0
DA:2283,0
DA:2287,0
DA:2290,1
DA:2292,1
DA:2295,1
DA:2297,1
DA:2300,0
DA:2302,0
DA:2305,0
DA:2307,0
DA:2310,0
DA:2312,0
DA:2315,0
DA:2317,0
DA:2320,0
DA:2322,0
DA:2325,0
DA:2327,0
DA:2330,0
DA:2332,0
DA:2335,0
DA:2337,0
DA:2340,0
DA:2342,0
DA:2350,0
DA:2353,0
DA:2356,0
DA:2359,0
DA:2362,0
DA:2365,1
DA:2368,1
DA:2371,0
DA:2374,1
DA:2377,1
DA:2380,1
DA:2383,1
DA:2386,1
DA:2389,0
DA:2392,0
DA:2395,0
DA:2399,0
DA:2402,0
DA:2405,0
DA:2408,0
DA:2411,0
DA:2414,0
DA:2417,0
DA:2420,0
DA:2423,0
DA:2426,0
DA:2429,0
DA:2432,0
DA:2435,0
DA:2438,0
DA:2441,0
DA:2444,0
DA:2447,0
DA:2451,0
DA:2454,0
DA:2457,0
DA:2460,0
DA:2463,0
DA:2466,0
DA:2470,0
DA:2473,0
DA:2476,0
DA:2479,0
DA:2481,0
DA:2484,0
DA:2487,0
DA:2490,0
DA:2493,0
DA:2496,0
DA:2499,0
DA:2502,0
DA:2505,0
DA:2509,0
DA:2512,0
DA:2515,0
DA:2518,0
DA:2521,0
DA:2524,0
DA:2527,0
DA:2531,0
DA:2534,0
DA:2538,0
DA:2541,0
DA:2544,0
DA:2547,0
DA:2550,0
DA:2553,0
DA:2556,0
DA:2559,0
DA:2562,0
DA:2565,0
DA:2568,0
DA:2571,0
DA:2574,0
DA:2577,0
DA:2580,0
DA:2584,0
DA:2587,0
DA:2590,0
DA:2594,0
DA:2597,0
DA:2600,0
DA:2603,0
DA:2606,0
DA:2609,0
DA:2612,0
DA:2615,0
DA:2618,0
DA:2621,0
DA:2624,0
DA:2627,0
DA:2630,0
DA:2633,0
DA:2636,0
DA:2640,0
DA:2643,0
DA:2646,0
DA:2649,0
DA:2652,0
DA:2655,0
DA:2658,0
DA:2661,0
DA:2664,0
DA:2667,0
DA:2670,0
DA:2673,0
DA:2676,0
DA:2679,0
DA:2682,0
DA:2685,0
DA:2688,0
DA:2690,0
DA:2693,0
DA:2696,0
DA:2699,0
DA:2702,0
DA:2705,0
DA:2708,0
DA:2711,0
DA:2714,0
DA:2718,0
DA:2721,0
DA:2724,0
DA:2727,0
DA:2730,0
DA:2733,0
DA:2736,0
DA:2739,0
DA:2742,0
DA:2745,0
DA:2749,0
DA:2752,0
DA:2755,0
DA:2758,0
DA:2761,0
DA:2764,0
DA:2767,0
DA:2771,0
DA:2775,0
DA:2779,0
DA:2782,0
DA:2785,0
DA:2788,0
DA:2791,0
DA:2794,0
DA:2797,0
DA:2801,0
DA:2804,0
DA:2807,0
DA:2810,0
DA:2813,0
DA:2816,0
DA:2819,0
DA:2822,0
DA:2825,0
DA:2828,0
DA:2831,0
DA:2834,0
DA:2837,0
DA:2840,0
DA:2843,0
DA:2846,0
DA:2849,0
DA:2852,0
DA:2855,0
DA:2858,0
DA:2861,0
DA:2864,0
DA:2867,0
DA:2870,0
DA:2873,0
DA:2876,0
DA:2879,0
DA:2882,0
DA:2885,0
DA:2888,0
DA:2891,0
DA:2894,0
DA:2897,0
DA:2900,0
DA:2903,0
DA:2906,0
DA:2909,0
DA:2912,0
DA:2916,0
DA:2919,0
DA:2922,0
DA:2925,0
DA:2928,0
DA:2931,0
DA:2934,0
DA:2937,0
DA:2940,0
DA:2943,0
DA:2946,0
DA:2949,0
DA:2952,0
DA:2955,0
DA:2958,0
DA:2961,0
DA:2964,0
DA:2967,0
DA:2970,0
DA:2973,0
DA:2976,0
DA:2979,0
DA:2982,0
DA:2985,0
DA:2988,0
DA:2991,0
DA:2994,0
DA:2997,0
DA:3000,0
DA:3003,0
DA:3007,0
DA:3010,0
DA:3013,0
DA:3016,0
DA:3019,0
DA:3022,0
DA:3025,0
DA:3028,0
DA:3031,0
DA:3034,0
DA:3037,0
DA:3040,0
DA:3043,0
DA:3046,0
DA:3049,0
DA:3053,0
DA:3056,0
DA:3059,0
DA:3062,0
DA:3065,0
DA:3068,0
DA:3071,0
DA:3074,0
DA:3078,0
DA:3081,0
DA:3085,0
DA:3088,0
DA:3091,0
DA:3094,0
DA:3097,0
DA:3100,0
DA:3103,0
DA:3106,0
DA:3109,0
DA:3112,0
DA:3115,0
DA:3118,0
DA:3121,0
DA:3124,0
DA:3127,0
DA:3130,0
DA:3133,0
DA:3136,0
DA:3139,0
DA:3142,0
DA:3145,0
DA:3148,0
DA:3151,0
DA:3154,0
DA:3157,0
DA:3160,0
DA:3163,0
DA:3166,0
DA:3169,0
DA:3172,0
DA:3175,0
DA:3178,0
DA:3181,0
DA:3184,0
DA:3187,0
DA:3190,0
DA:3193,0
DA:3197,0
DA:3200,0
DA:3203,0
DA:3206,0
DA:3209,0
DA:3212,0
DA:3215,0
DA:3218,0
DA:3221,0
DA:3224,0
DA:3227,0
DA:3230,0
DA:3233,0
DA:3236,0
DA:3240,0
DA:3243,0
DA:3246,0
DA:3249,0
DA:3252,0
DA:3256,0
DA:3259,0
DA:3262,0
DA:3265,0
DA:3268,0
DA:3271,0
DA:3274,0
DA:3278,0
DA:3281,0
DA:3284,0
DA:3287,0
DA:3290,0
DA:3293,0
DA:3296,0
DA:3299,0
DA:3302,0
DA:3305,0
DA:3308,0
DA:3311,0
DA:3314,0
DA:3317,0
DA:3321,0
DA:3324,0
DA:3328,0
DA:3331,0
DA:3334,0
DA:3337,0
DA:3340,0
DA:3342,0
DA:3345,0
DA:3348,0
DA:3351,0
DA:3355,0
DA:3358,0
DA:3361,0
DA:3365,0
DA:3368,0
DA:3371,0
DA:3374,0
DA:3376,0
DA:3379,0
DA:3382,0
DA:3385,0
DA:3388,0
DA:3390,0
DA:3393,0
DA:3396,0
DA:3399,0
DA:3402,0
DA:3406,0
DA:3409,0
DA:3411,0
DA:3414,0
DA:3417,0
DA:3419,0
DA:3422,0
DA:3425,0
DA:3427,0
DA:3430,0
DA:3433,0
DA:3435,0
DA:3438,0
DA:3441,0
DA:3444,0
DA:3447,0
DA:3450,0
DA:3453,0
DA:3456,0
DA:3459,0
DA:3462,0
DA:3465,0
DA:3468,0
DA:3471,0
DA:3474,0
DA:3477,0
DA:3480,0
DA:3483,0
DA:3487,0
DA:3490,0
DA:3494,0
DA:3497,0
DA:3500,0
DA:3503,0
DA:3507,0
DA:3510,0
DA:3513,0
DA:3516,0
DA:3519,0
DA:3523,0
DA:3526,0
DA:3530,0
DA:3533,0
DA:3536,0
DA:3538,0
DA:3541,0
DA:3544,0
DA:3547,0
DA:3549,0
DA:3552,0
DA:3555,0
DA:3559,0
DA:3562,0
DA:3566,0
DA:3569,0
DA:3573,0
DA:3576,0
DA:3579,1
DA:3582,0
DA:3585,0
DA:3588,0
DA:3591,0
DA:3594,0
DA:3597,0
DA:3600,0
DA:3603,0
DA:3606,0
DA:3609,0
DA:3612,0
DA:3615,0
DA:3618,0
DA:3621,0
DA:3624,0
DA:3627,0
DA:3630,0
DA:3633,0
DA:3636,0
DA:3639,0
DA:3642,0
DA:3645,0
DA:3648,0
DA:3651,0
DA:3655,0
DA:3659,0
DA:3663,0
DA:3667,0
DA:3670,0
DA:3673,0
DA:3676,0
DA:3679,0
DA:3682,0
DA:3685,0
DA:3687,0
DA:3690,0
DA:3693,0
DA:3696,0
DA:3699,0
DA:3701,0
DA:3704,0
DA:3707,0
DA:3710,0
DA:3713,0
DA:3716,0
DA:3719,0
DA:3722,0
DA:3725,0
DA:3728,0
DA:3730,0
DA:3733,0
DA:3736,0
DA:3739,0
DA:3742,0
DA:3745,0
DA:3748,0
DA:3751,0
DA:3754,0
DA:3758,0
DA:3762,0
DA:3765,0
DA:3768,0
DA:3771,0
DA:3774,0
DA:3776,0
DA:3779,0
DA:3781,0
DA:3784,0
DA:3787,0
DA:3792,0
DA:3795,0
DA:3798,0
DA:3800,0
DA:3803,0
DA:3806,0
DA:3808,0
DA:3811,0
DA:3813,0
DA:3816,0
DA:3819,0
DA:3821,0
DA:3824,0
DA:3827,0
DA:3830,0
DA:3833,0
DA:3835,0
DA:3838,0
DA:3840,0
DA:3843,0
DA:3846,0
DA:3849,0
DA:3852,0
DA:3855,0
DA:3858,0
DA:3861,0
DA:3864,0
DA:3867,0
DA:3871,0
DA:3874,0
DA:3877,0
DA:3880,0
DA:3884,0
DA:3888,0
DA:3891,0
DA:3894,0
DA:3897,0
DA:3900,0
DA:3903,0
DA:3906,0
DA:3910,0
DA:3913,0
DA:3916,0
DA:3919,0
DA:3922,0
DA:3925,0
DA:3928,0
DA:3931,0
DA:3934,0
DA:3937,0
DA:3940,0
DA:3942,0
DA:3945,0
DA:3947,0
DA:3950,0
DA:3952,0
DA:3955,0
DA:3959,0
DA:3963,0
DA:3966,0
DA:3969,0
DA:3972,0
DA:3975,0
DA:3979,0
DA:3983,0
DA:3986,0
DA:3989,0
DA:3992,0
DA:3995,0
DA:3999,0
DA:4002,0
DA:4005,0
DA:4009,0
DA:4012,0
DA:4015,0
DA:4018,0
DA:4021,0
DA:4024,0
DA:4027,0
DA:4030,0
DA:4033,0
DA:4036,0
DA:4040,0
DA:4043,0
DA:4045,0
DA:4048,0
DA:4051,0
DA:4054,0
DA:4057,0
DA:4060,0
DA:4064,0
DA:4067,0
DA:4070,0
DA:4073,0
LF:1318
LH:35
end_of_record
SF:lib/shared/helpers/url_launcher_helper.dart
DA:6,0
DA:7,0
DA:8,0
DA:9,0
DA:16,0
DA:17,0
DA:19,0
DA:21,0
DA:22,0
LF:9
LH:0
end_of_record
SF:lib/shared/models/address_location.dart
DA:3,1
LF:1
LH:1
end_of_record
SF:lib/features/maintenance/presentation/delete/cubit/maintenance_delete_state.dart
LF:0
LH:0
end_of_record
SF:lib/features/splash/presentation/cubit/splash_state.dart
LF:0
LH:0
end_of_record
SF:lib/features/vehicles/presentation/delete/cubit/vehicle_delete_state.dart
LF:0
LH:0
end_of_record
SF:lib/features/events/presentation/tracking/cubit/live_tracking_state.dart
LF:0
LH:0
end_of_record
SF:lib/features/maintenance/presentation/list/maintenances/maintenances_cubit.dart
DA:9,1
DA:10,1
DA:22,0
DA:23,0
DA:25,0
DA:26,0
DA:27,0
DA:30,0
DA:31,0
DA:34,0
DA:35,0
DA:36,0
DA:39,1
DA:40,1
DA:41,2
DA:42,2
DA:43,3
DA:48,5
DA:49,2
DA:50,2
DA:51,1
DA:53,1
DA:57,1
DA:58,2
DA:59,1
DA:62,0
DA:63,0
DA:64,0
DA:65,0
DA:66,0
DA:68,0
DA:71,0
DA:72,0
DA:73,0
DA:74,0
DA:77,0
DA:79,0
DA:83,1
DA:84,4
DA:85,1
DA:86,2
DA:87,1
DA:91,0
DA:92,0
DA:93,0
DA:94,0
DA:95,0
DA:97,0
DA:100,0
DA:101,0
DA:102,0
DA:104,0
DA:105,0
DA:106,0
DA:107,0
DA:108,0
DA:110,0
DA:111,0
DA:112,0
DA:116,1
DA:118,2
DA:119,2
DA:120,1
DA:124,2
DA:125,4
DA:126,1
DA:128,2
DA:130,1
DA:133,1
DA:134,2
DA:136,2
DA:138,6
DA:139,1
DA:142,3
DA:144,0
DA:145,0
DA:146,0
DA:147,0
DA:149,0
DA:152,3
DA:153,0
DA:158,3
DA:159,0
DA:160,0
DA:162,0
DA:164,0
DA:166,0
DA:168,0
DA:169,0
DA:170,0
DA:171,0
DA:172,0
DA:173,0
DA:174,0
DA:175,0
DA:178,0
DA:182,2
DA:184,2
DA:185,1
DA:187,2
DA:191,1
DA:192,2
DA:194,2
DA:195,2
DA:197,2
DA:199,2
DA:200,2
DA:202,2
DA:205,0
DA:206,0
DA:207,0
DA:210,1
DA:211,1
DA:213,1
DA:215,1
DA:217,1
DA:218,0
LF:117
LH:54
end_of_record
SF:lib/features/maintenance/presentation/widgets/maintenance_filters.dart
DA:21,1
DA:33,1
DA:34,1
DA:35,1
DA:36,1
DA:37,0
DA:38,1
DA:39,0
DA:40,1
DA:41,0
DA:42,1
DA:43,0
DA:44,1
DA:49,0
DA:59,0
DA:60,0
DA:61,0
DA:62,0
DA:63,0
DA:64,0
DA:65,0
DA:66,0
DA:67,0
DA:71,0
DA:72,0
DA:73,0
DA:74,0
DA:75,0
DA:76,0
DA:78,0
DA:80,0
DA:81,0
DA:82,0
DA:83,0
DA:84,0
DA:90,0
DA:92,0
DA:93,0
DA:94,0
DA:95,0
DA:96,0
DA:97,0
LF:42
LH:9
end_of_record
SF:lib/features/events/presentation/attendees/attendees_cubit.dart
DA:12,0
DA:17,0
DA:27,0
DA:28,0
DA:29,0
DA:30,0
DA:31,0
DA:34,0
DA:36,0
DA:37,0
DA:38,0
DA:42,0
DA:46,0
DA:47,0
DA:48,0
DA:49,0
DA:50,0
DA:51,0
DA:53,0
DA:54,0
DA:57,0
DA:58,0
DA:62,0
DA:65,0
DA:66,0
DA:70,0
DA:73,0
DA:74,0
DA:75,0
DA:76,0
DA:77,0
LF:31
LH:0
end_of_record
SF:lib/features/events/presentation/attendees/widgets/attendees_list.dart
DA:19,1
DA:25,1
DA:26,2
DA:27,2
DA:29,1
DA:30,2
DA:31,2
DA:33,1
DA:35,1
DA:36,1
DA:37,3
DA:39,6
DA:40,1
DA:41,3
DA:43,1
DA:44,0
DA:45,1
DA:47,1
DA:48,2
DA:49,1
DA:50,1
DA:51,1
DA:52,2
DA:53,2
DA:54,1
DA:59,1
DA:64,1
DA:65,1
DA:66,1
DA:68,1
DA:69,3
DA:70,2
DA:71,1
DA:79,1
DA:80,2
DA:82,1
DA:84,0
DA:86,0
DA:88,0
DA:89,0
DA:90,0
DA:91,0
DA:93,0
DA:94,0
DA:96,0
DA:97,0
DA:98,0
DA:99,0
DA:104,0
DA:105,0
DA:106,0
DA:108,0
DA:109,0
DA:111,0
DA:112,0
DA:113,0
DA:114,0
DA:124,1
DA:126,1
DA:127,1
DA:128,1
DA:129,2
DA:130,2
DA:131,1
DA:136,1
DA:137,3
DA:138,1
DA:142,1
DA:143,1
DA:144,1
DA:146,1
DA:147,2
DA:148,2
DA:149,1
DA:154,1
DA:155,2
DA:157,1
DA:159,0
DA:161,0
DA:163,0
LF:80
LH:55
end_of_record
SF:lib/features/event_registration/presentation/registration_detail_extra.dart
DA:5,0
LF:1
LH:0
end_of_record
SF:lib/features/events/presentation/attendees/attendee_action_confirmation.dart
DA:8,0
DA:13,0
DA:15,0
DA:16,0
DA:18,0
DA:22,0
DA:27,0
DA:29,0
DA:30,0
DA:32,0
LF:10
LH:0
end_of_record
SF:lib/features/events/presentation/attendees/widgets/attendee_pending_request_card.dart
DA:14,1
DA:20,1
DA:22,0
DA:23,0
DA:24,0
DA:25,0
DA:26,0
DA:29,1
DA:32,3
DA:33,0
DA:34,2
DA:35,3
DA:37,1
DA:38,1
DA:40,1
DA:41,1
DA:43,1
DA:45,1
DA:46,1
DA:48,1
DA:49,1
DA:50,1
DA:54,1
DA:56,1
DA:58,1
DA:59,1
DA:60,2
DA:70,1
DA:71,1
DA:73,1
DA:74,1
DA:75,2
DA:83,1
DA:84,1
DA:91,1
DA:92,1
DA:106,1
DA:107,0
DA:119,1
DA:121,1
DA:122,2
DA:123,2
DA:124,0
DA:126,0
DA:127,0
DA:128,0
DA:129,0
DA:131,0
DA:133,0
DA:134,0
DA:135,0
DA:136,0
LF:52
LH:35
end_of_record
SF:lib/features/events/presentation/shared/widgets/initials_avatar.dart
DA:6,1
DA:19,1
DA:21,1
DA:22,3
DA:31,1
DA:32,0
DA:33,0
DA:36,1
DA:37,1
DA:39,1
DA:40,2
LF:11
LH:9
end_of_record
SF:lib/features/events/presentation/attendees/widgets/attendee_processed_item.dart
DA:12,1
DA:19,1
DA:20,2
DA:23,1
DA:24,2
DA:27,1
DA:29,1
DA:30,1
DA:32,3
DA:33,0
DA:34,2
DA:36,3
DA:38,2
DA:39,0
DA:41,2
DA:43,1
DA:45,1
DA:46,2
DA:47,1
DA:49,1
DA:51,1
DA:52,1
DA:53,1
DA:54,1
DA:55,1
DA:56,1
DA:58,1
DA:59,1
DA:60,2
DA:61,2
DA:62,1
DA:68,1
DA:69,1
DA:72,1
DA:73,1
DA:74,2
DA:75,2
DA:77,1
DA:81,1
DA:83,2
DA:84,1
DA:91,1
DA:93,1
DA:95,1
DA:97,1
DA:99,2
DA:105,1
DA:106,1
DA:108,1
DA:111,0
DA:112,0
DA:114,0
DA:116,0
LF:53
LH:47
end_of_record
SF:lib/features/events/presentation/list/events_cubit.dart
DA:17,1
DA:27,3
DA:28,6
DA:29,6
DA:30,3
DA:31,3
DA:32,3
DA:33,3
DA:34,3
DA:36,0
DA:45,0
DA:46,0
DA:47,0
DA:48,0
DA:49,0
DA:50,0
DA:51,0
DA:52,0
DA:58,1
DA:59,1
DA:60,1
DA:66,1
DA:68,0
DA:72,0
DA:73,0
DA:74,0
DA:88,2
DA:89,0
DA:91,1
DA:92,1
DA:93,1
DA:94,2
DA:95,5
DA:96,3
DA:97,3
DA:98,1
DA:101,5
DA:102,1
DA:103,1
DA:107,0
DA:108,0
DA:109,0
DA:112,1
DA:113,1
DA:114,1
DA:117,1
DA:118,1
DA:119,1
DA:123,0
DA:124,0
DA:125,0
DA:129,0
DA:130,0
DA:131,0
DA:132,0
DA:134,0
DA:138,0
DA:139,0
DA:140,0
DA:141,0
DA:143,0
DA:147,0
DA:148,0
DA:149,0
DA:152,0
DA:153,0
DA:155,0
DA:158,1
DA:159,1
DA:161,2
DA:163,2
DA:165,0
DA:166,0
DA:167,0
DA:168,0
DA:170,0
DA:173,3
DA:175,6
DA:176,1
DA:179,3
DA:181,0
DA:182,0
DA:185,5
DA:187,1
DA:188,7
DA:190,1
DA:193,2
DA:195,6
DA:196,1
DA:199,2
DA:201,1
DA:202,3
DA:203,3
DA:206,1
DA:209,2
DA:210,0
DA:213,2
DA:214,0
DA:217,2
DA:218,0
DA:220,2
LF:101
LH:55
end_of_record
SF:lib/features/events/presentation/list/widgets/events_page_view.dart
DA:18,1
DA:22,1
DA:24,1
DA:26,2
DA:27,1
DA:28,1
DA:29,1
DA:30,1
DA:31,0
DA:32,0
DA:33,0
DA:34,0
DA:35,0
DA:36,0
DA:40,0
DA:42,0
DA:43,0
DA:44,0
DA:46,0
DA:55,1
DA:57,1
DA:59,1
DA:61,1
DA:63,1
DA:64,1
DA:65,1
DA:66,0
DA:67,2
DA:79,1
DA:80,1
DA:81,1
DA:82,1
DA:83,1
DA:84,1
DA:85,0
DA:86,0
DA:87,0
DA:88,0
DA:89,0
DA:91,1
DA:92,2
DA:93,1
DA:96,2
DA:97,2
DA:100,2
DA:102,2
DA:103,2
DA:105,1
DA:106,0
DA:107,0
DA:110,0
DA:111,0
DA:123,0
DA:125,0
DA:126,0
DA:127,0
DA:135,1
DA:139,1
DA:141,1
DA:142,0
DA:144,0
DA:145,0
DA:146,0
DA:149,1
DA:152,1
DA:154,1
LF:66
LH:37
end_of_record
SF:lib/features/events/presentation/list/widgets/event_card.dart
DA:16,0
DA:33,0
DA:34,0
DA:35,0
DA:36,0
DA:39,0
DA:40,0
DA:41,0
DA:42,0
DA:43,0
DA:44,0
DA:45,0
DA:49,0
DA:50,0
DA:51,0
DA:52,0
DA:53,0
DA:54,0
DA:55,0
DA:59,0
DA:61,0
DA:62,0
DA:64,0
DA:65,0
DA:66,0
DA:67,0
DA:69,0
DA:72,0
DA:74,0
DA:76,0
DA:79,0
DA:81,0
DA:83,0
DA:86,0
DA:91,0
DA:93,0
DA:96,0
DA:97,0
DA:98,0
DA:102,0
DA:103,0
DA:105,0
DA:113,0
DA:115,0
DA:117,0
DA:119,0
DA:121,0
DA:122,0
DA:130,0
DA:131,0
DA:132,0
DA:143,0
DA:144,0
DA:145,0
DA:146,0
DA:147,0
DA:159,0
DA:165,0
DA:166,0
DA:173,0
DA:174,0
DA:175,0
DA:186,0
DA:189,0
DA:190,0
DA:197,0
DA:198,0
DA:199,0
DA:220,0
DA:222,0
DA:223,0
DA:224,0
DA:229,0
DA:234,0
DA:236,0
DA:238,0
DA:239,0
DA:240,0
DA:242,0
DA:243,0
DA:256,1
DA:258,0
DA:260,0
DA:262,0
DA:264,0
DA:265,0
DA:273,1
DA:275,0
DA:277,0
DA:279,0
DA:281,0
DA:283,0
DA:285,0
DA:289,0
DA:290,0
LF:95
LH:2
end_of_record
SF:lib/features/events/presentation/list/widgets/event_filter_chip.dart
DA:9,0
DA:20,0
DA:22,0
DA:23,0
DA:24,0
DA:27,0
DA:28,0
DA:29,0
DA:32,0
DA:33,0
DA:34,0
DA:35,0
DA:40,0
LF:13
LH:0
end_of_record
SF:lib/features/events/presentation/list/widgets/events_data_view.dart
DA:21,0
DA:25,0
DA:27,0
DA:28,0
DA:29,0
DA:31,0
DA:33,0
DA:35,0
DA:37,0
DA:38,0
DA:39,0
DA:40,0
DA:41,0
DA:42,0
DA:46,0
DA:57,0
DA:58,0
DA:60,0
DA:61,0
DA:62,0
DA:64,0
DA:65,0
DA:66,0
DA:67,0
DA:68,0
DA:69,0
DA:70,0
DA:71,0
DA:72,0
DA:73,0
DA:74,0
DA:79,0
DA:80,0
DA:82,0
DA:92,0
DA:94,0
DA:95,0
DA:96,0
DA:98,0
DA:99,0
DA:100,0
DA:101,0
DA:102,0
DA:109,0
DA:110,0
DA:114,0
DA:115,0
DA:116,0
DA:117,0
DA:118,0
DA:123,0
DA:124,0
DA:133,0
DA:137,0
DA:139,0
DA:141,0
DA:143,0
DA:144,0
DA:146,0
DA:147,0
DA:152,0
DA:153,0
DA:174,0
DA:178,0
DA:180,0
DA:181,0
DA:182,0
DA:185,0
DA:187,0
DA:200,1
DA:202,0
DA:204,0
DA:205,0
DA:207,0
DA:209,0
DA:212,0
DA:213,0
DA:214,0
DA:215,0
DA:216,0
DA:217,0
DA:220,0
DA:221,0
DA:222,0
DA:224,0
DA:225,0
DA:227,0
DA:228,0
DA:230,0
DA:232,0
DA:234,0
LF:91
LH:1
end_of_record
SF:lib/features/events/presentation/list/widgets/event_filters_bottom_sheet.dart
DA:11,1
DA:15,0
DA:16,0
DA:20,0
DA:24,1
DA:26,1
DA:34,1
DA:36,1
DA:37,3
DA:38,4
DA:39,4
DA:42,1
DA:44,1
DA:45,3
DA:47,1
DA:51,2
DA:52,2
DA:54,1
DA:55,1
DA:56,1
DA:57,2
DA:58,2
DA:59,2
DA:60,2
DA:61,2
DA:63,1
DA:64,1
DA:66,1
DA:70,1
DA:71,3
DA:72,1
DA:76,1
DA:78,1
DA:80,1
DA:81,1
DA:82,2
DA:83,3
DA:87,2
DA:88,2
DA:89,2
DA:90,1
DA:91,2
DA:92,1
DA:93,2
DA:94,2
DA:95,2
DA:97,3
DA:98,1
DA:99,2
DA:107,1
DA:108,1
DA:111,1
DA:113,1
DA:115,1
DA:116,2
DA:117,3
DA:122,1
DA:124,2
DA:125,2
DA:126,1
DA:127,2
DA:129,0
DA:130,0
DA:132,0
DA:133,0
DA:137,1
DA:141,1
DA:142,2
DA:143,3
DA:148,1
DA:150,2
DA:151,2
DA:152,1
DA:153,3
DA:155,0
DA:156,0
DA:158,0
DA:159,0
DA:163,1
DA:167,1
DA:169,2
DA:174,1
DA:175,2
DA:176,3
DA:181,1
DA:182,1
DA:183,1
DA:184,1
DA:186,2
DA:187,1
DA:188,1
DA:192,1
DA:193,1
DA:195,2
DA:196,1
DA:197,1
DA:204,1
DA:206,2
DA:208,1
DA:210,2
DA:218,1
DA:219,1
DA:222,4
DA:225,1
DA:226,2
DA:227,0
DA:228,0
DA:229,0
DA:231,0
DA:232,0
DA:233,0
DA:234,0
DA:236,0
DA:238,0
DA:240,0
DA:243,0
DA:248,0
DA:249,0
LF:118
LH:94
end_of_record
SF:lib/shared/widgets/states/page_error_state_widget.dart
DA:6,0
DA:19,0
DA:21,0
DA:22,0
DA:23,0
DA:24,0
DA:26,0
DA:28,0
DA:29,0
DA:32,0
DA:35,0
DA:36,0
DA:37,0
DA:41,0
DA:42,0
DA:43,0
DA:46,0
DA:48,0
DA:49,0
DA:50,0
LF:20
LH:0
end_of_record
